This is pdfTeX, Version 3.141592653-2.6-1.40.24 (MiKTeX 22.1) (preloaded format=pdflatex 2022.4.20)  13 MAY 2022 17:54
entering extended mode
 \write18 enabled.
 file:line:error style messages enabled.
 %&-line parsing enabled.
**./main.tex
(main.tex
LaTeX2e <2021-11-15> patch level 1
L3 programming layer <2022-04-10> (template.cls
Document Class: template 

(/Users/chris/Library/Application Support/MiKTeX/texmfs/install/tex/latex/setsp
ace/setspace.sty
Package: setspace 2011/12/19 v6.7a set line spacing
)
(/Library/Application Support/MiKTeX/texmfs/install/tex/latex/base/report.cls
Document Class: report 2021/10/04 v1.4n Standard LaTeX document class
(/Library/Application Support/MiKTeX/texmfs/install/tex/latex/base/size11.clo
File: size11.clo 2021/10/04 v1.4n Standard LaTeX file (size option)
)
\c@part=\count185
\c@chapter=\count186
\c@section=\count187
\c@subsection=\count188
\c@subsubsection=\count189
\c@paragraph=\count190
\c@subparagraph=\count191
\c@figure=\count192
\c@table=\count193
\abovecaptionskip=\skip47
\belowcaptionskip=\skip48
\bibindent=\dimen138
)
(/Users/chris/Library/Application Support/MiKTeX/texmfs/install/tex/latex/title
sec/titlesec.sty
Package: titlesec 2021/07/05 v2.14 Sectioning titles
\ttl@box=\box50
\beforetitleunit=\skip49
\aftertitleunit=\skip50
\ttl@plus=\dimen139
\ttl@minus=\dimen140
\ttl@toksa=\toks16
\titlewidth=\dimen141
\titlewidthlast=\dimen142
\titlewidthfirst=\dimen143

(/Users/chris/Library/Application Support/MiKTeX/texmfs/install/tex/latex/title
sec/titleps.sty))
(/Users/chris/Library/Application Support/MiKTeX/texmfs/install/tex/latex/appto
ols/apptools.sty
Package: apptools 2012/11/28 v1.0 Tools for customizing appendices
)
(/Users/chris/Library/Application Support/MiKTeX/texmfs/install/tex/latex/svg/s
vg.sty
Package: svg 2020/11/26 v2.02k (include SVG pictures)

(/Library/Application Support/MiKTeX/texmfs/install/tex/generic/iftex/iftex.sty
Package: iftex 2022/02/03 v1.0f TeX engine tests
)
(/Users/chris/Library/Application Support/MiKTeX/texmfs/install/tex/latex/koma-
script/scrbase.sty
Package: scrbase 2021/11/13 v3.35 KOMA-Script package (KOMA-Script-independent 
basics and keyval usage)

(/Users/chris/Library/Application Support/MiKTeX/texmfs/install/tex/latex/koma-
script/scrlfile.sty
Package: scrlfile 2021/11/13 v3.35 KOMA-Script package (file load hooks)

(/Users/chris/Library/Application Support/MiKTeX/texmfs/install/tex/latex/koma-
script/scrlfile-hook.sty
Package: scrlfile-hook 2021/11/13 v3.35 KOMA-Script package (using LaTeX hooks)


(/Users/chris/Library/Application Support/MiKTeX/texmfs/install/tex/latex/koma-
script/scrlogo.sty
Package: scrlogo 2021/11/13 v3.35 KOMA-Script package (logo)
)))
(/Library/Application Support/MiKTeX/texmfs/install/tex/latex/graphics/keyval.s
ty
Package: keyval 2014/10/28 v1.15 key=value parser (DPC)
\KV@toks@=\toks17
)
Applying: [2021/05/01] Usage of raw or classic option list on input line 252.
Already applied: [0000/00/00] Usage of raw or classic option list on input line
 368.
)
(/Library/Application Support/MiKTeX/texmfs/install/tex/generic/pdftexcmds/pdft
excmds.sty
Package: pdftexcmds 2020-06-27 v0.33 Utility functions of pdfTeX for LuaTeX (HO
)

(/Users/chris/Library/Application Support/MiKTeX/texmfs/install/tex/generic/inf
warerr/infwarerr.sty
Package: infwarerr 2019/12/03 v1.5 Providing info/warning/error messages (HO)
)
(/Users/chris/Library/Application Support/MiKTeX/texmfs/install/tex/generic/ltx
cmds/ltxcmds.sty
Package: ltxcmds 2020-05-10 v1.25 LaTeX kernel commands for general use (HO)
)
Package pdftexcmds Info: \pdf@primitive is available.
Package pdftexcmds Info: \pdf@ifprimitive is available.
Package pdftexcmds Info: \pdfdraftmode found.
)
(/Library/Application Support/MiKTeX/texmfs/install/tex/latex/trimspaces/trimsp
aces.sty
Package: trimspaces 2009/09/17 v1.1 Trim spaces around a token list
)
(/Library/Application Support/MiKTeX/texmfs/install/tex/latex/graphics/graphicx
.sty
Package: graphicx 2021/09/16 v1.2d Enhanced LaTeX Graphics (DPC,SPQR)

(/Library/Application Support/MiKTeX/texmfs/install/tex/latex/graphics/graphics
.sty
Package: graphics 2021/03/04 v1.4d Standard LaTeX Graphics (DPC,SPQR)

(/Library/Application Support/MiKTeX/texmfs/install/tex/latex/graphics/trig.sty
Package: trig 2021/08/11 v1.11 sin cos tan (DPC)
)
(/Library/Application Support/MiKTeX/texmfs/install/tex/latex/graphics-cfg/grap
hics.cfg
File: graphics.cfg 2016/06/04 v1.11 sample graphics configuration
)
Package graphics Info: Driver file: pdftex.def on input line 107.

(/Library/Application Support/MiKTeX/texmfs/install/tex/latex/graphics-def/pdft
ex.def
File: pdftex.def 2020/10/05 v1.2a Graphics/color driver for pdftex
))
\Gin@req@height=\dimen144
\Gin@req@width=\dimen145
)
(/Library/Application Support/MiKTeX/texmfs/install/tex/latex/tools/shellesc.st
y
Package: shellesc 2019/11/08 v1.0c unified shell escape interface for LaTeX
Package shellesc Info: Unrestricted shell escape enabled on input line 75.
)
(/Users/chris/Library/Application Support/MiKTeX/texmfs/install/tex/latex/ifpla
tform/ifplatform.sty
Package: ifplatform 2017/10/13 v0.4a Testing for the operating system

(/Users/chris/Library/Application Support/MiKTeX/texmfs/install/tex/generic/cat
chfile/catchfile.sty
Package: catchfile 2019/12/09 v1.8 Catch the contents of a file (HO)

(/Users/chris/Library/Application Support/MiKTeX/texmfs/install/tex/generic/ete
xcmds/etexcmds.sty
Package: etexcmds 2019/12/15 v1.7 Avoid name clashes with e-TeX commands (HO)
))
(/Library/Application Support/MiKTeX/texmfs/install/tex/generic/iftex/ifluatex.
sty
Package: ifluatex 2019/10/25 v1.5 ifluatex legacy package. Use iftex instead.
)
runsystem(uname -s > "main.w18")...executed.

 (main.w18)
runsystem(rm -- "main.w18")...executed.

)
\c@svg@param@lastpage=\count194
\svg@box=\box51
\c@svg@param@currpage=\count195
)
(/Library/Application Support/MiKTeX/texmfs/install/tex/latex/xcolor/xcolor.sty
Package: xcolor 2021/10/31 v2.13 LaTeX color extensions (UK)

(/Library/Application Support/MiKTeX/texmfs/install/tex/latex/graphics-cfg/colo
r.cfg
File: color.cfg 2016/01/02 v1.6 sample color configuration
)
Package xcolor Info: Driver file: pdftex.def on input line 227.
Package xcolor Info: Model `cmy' substituted by `cmy0' on input line 1352.
Package xcolor Info: Model `hsb' substituted by `rgb' on input line 1356.
Package xcolor Info: Model `RGB' extended on input line 1368.
Package xcolor Info: Model `HTML' substituted by `rgb' on input line 1370.
Package xcolor Info: Model `Hsb' substituted by `hsb' on input line 1371.
Package xcolor Info: Model `tHsb' substituted by `hsb' on input line 1372.
Package xcolor Info: Model `HSB' substituted by `hsb' on input line 1373.
Package xcolor Info: Model `Gray' substituted by `gray' on input line 1374.
Package xcolor Info: Model `wave' substituted by `hsb' on input line 1375.
)
(/Users/chris/Library/Application Support/MiKTeX/texmfs/install/tex/latex/trans
parent/transparent.sty
Package: transparent 2019/11/29 v1.4 Transparency via pdfTeX's color stack (HO)


(/Users/chris/Library/Application Support/MiKTeX/texmfs/install/tex/latex/auxho
ok/auxhook.sty
Package: auxhook 2019-12-17 v1.6 Hooks for auxiliary files (HO)
))
(/Library/Application Support/MiKTeX/texmfs/install/tex/latex/pgf/systemlayer/p
gfsys.sty
(/Library/Application Support/MiKTeX/texmfs/install/tex/latex/pgf/utilities/pgf
rcs.sty
(/Library/Application Support/MiKTeX/texmfs/install/tex/generic/pgf/utilities/p
gfutil-common.tex
\pgfutil@everybye=\toks18
\pgfutil@tempdima=\dimen146
\pgfutil@tempdimb=\dimen147

(/Library/Application Support/MiKTeX/texmfs/install/tex/generic/pgf/utilities/p
gfutil-common-lists.tex))
(/Library/Application Support/MiKTeX/texmfs/install/tex/generic/pgf/utilities/p
gfutil-latex.def
\pgfutil@abb=\box52
)
(/Library/Application Support/MiKTeX/texmfs/install/tex/generic/pgf/utilities/p
gfrcs.code.tex
(/Library/Application Support/MiKTeX/texmfs/install/tex/generic/pgf/pgf.revisio
n.tex)
Package: pgfrcs 2021/05/15 v3.1.9a (3.1.9a)
))
(/Library/Application Support/MiKTeX/texmfs/install/tex/generic/pgf/systemlayer
/pgfsys.code.tex
Package: pgfsys 2021/05/15 v3.1.9a (3.1.9a)

(/Library/Application Support/MiKTeX/texmfs/install/tex/generic/pgf/utilities/p
gfkeys.code.tex
\pgfkeys@pathtoks=\toks19
\pgfkeys@temptoks=\toks20

(/Library/Application Support/MiKTeX/texmfs/install/tex/generic/pgf/utilities/p
gfkeysfiltered.code.tex
\pgfkeys@tmptoks=\toks21
))
\pgf@x=\dimen148
\pgf@y=\dimen149
\pgf@xa=\dimen150
\pgf@ya=\dimen151
\pgf@xb=\dimen152
\pgf@yb=\dimen153
\pgf@xc=\dimen154
\pgf@yc=\dimen155
\pgf@xd=\dimen156
\pgf@yd=\dimen157
\w@pgf@writea=\write3
\r@pgf@reada=\read2
\c@pgf@counta=\count196
\c@pgf@countb=\count197
\c@pgf@countc=\count198
\c@pgf@countd=\count199
\t@pgf@toka=\toks22
\t@pgf@tokb=\toks23
\t@pgf@tokc=\toks24
\pgf@sys@id@count=\count266

(/Library/Application Support/MiKTeX/texmfs/install/tex/generic/pgf/systemlayer
/pgf.cfg
File: pgf.cfg 2021/05/15 v3.1.9a (3.1.9a)
)
Driver file for pgf: pgfsys-pdftex.def

(/Library/Application Support/MiKTeX/texmfs/install/tex/generic/pgf/systemlayer
/pgfsys-pdftex.def
File: pgfsys-pdftex.def 2021/05/15 v3.1.9a (3.1.9a)

(/Library/Application Support/MiKTeX/texmfs/install/tex/generic/pgf/systemlayer
/pgfsys-common-pdf.def
File: pgfsys-common-pdf.def 2021/05/15 v3.1.9a (3.1.9a)
)))
(/Library/Application Support/MiKTeX/texmfs/install/tex/generic/pgf/systemlayer
/pgfsyssoftpath.code.tex
File: pgfsyssoftpath.code.tex 2021/05/15 v3.1.9a (3.1.9a)
\pgfsyssoftpath@smallbuffer@items=\count267
\pgfsyssoftpath@bigbuffer@items=\count268
)
(/Library/Application Support/MiKTeX/texmfs/install/tex/generic/pgf/systemlayer
/pgfsysprotocol.code.tex
File: pgfsysprotocol.code.tex 2021/05/15 v3.1.9a (3.1.9a)
)))
(/Users/chris/Library/Application Support/MiKTeX/texmfs/install/tex/latex/parsk
ip/parskip.sty
Package: parskip 2021-03-14 v2.0h non-zero parskip adjustments

(/Users/chris/Library/Application Support/MiKTeX/texmfs/install/tex/latex/kvopt
ions/kvoptions.sty
Package: kvoptions 2020-10-07 v3.14 Key value format for package options (HO)

(/Users/chris/Library/Application Support/MiKTeX/texmfs/install/tex/generic/kvs
etkeys/kvsetkeys.sty
Package: kvsetkeys 2019/12/15 v1.18 Key value parser (HO)
))
(/Library/Application Support/MiKTeX/texmfs/install/tex/latex/etoolbox/etoolbox
.sty
Package: etoolbox 2020/10/05 v2.5k e-TeX tools for LaTeX (JAW)
\etb@tempcnta=\count269
))
(/Users/chris/Library/Application Support/MiKTeX/texmfs/install/tex/latex/appen
dix/appendix.sty
Package: appendix 2020/02/08 v1.2c extra appendix facilities
\c@@pps=\count270
\c@@ppsavesec=\count271
\c@@ppsaveapp=\count272
)
(/Users/chris/Library/Application Support/MiKTeX/texmfs/install/tex/latex/float
/float.sty
Package: float 2001/11/08 v1.3d Float enhancements (AL)
\c@float@type=\count273
\float@exts=\toks25
\float@box=\box53
\@float@everytoks=\toks26
\@floatcapt=\box54
)
(/Users/chris/Library/Application Support/MiKTeX/texmfs/install/tex/latex/geome
try/geometry.sty
Package: geometry 2020/01/02 v5.9 Page Geometry

(/Library/Application Support/MiKTeX/texmfs/install/tex/generic/iftex/ifvtex.st
y
Package: ifvtex 2019/10/25 v1.7 ifvtex legacy package. Use iftex instead.
)
\Gm@cnth=\count274
\Gm@cntv=\count275
\c@Gm@tempcnt=\count276
\Gm@bindingoffset=\dimen158
\Gm@wd@mp=\dimen159
\Gm@odd@mp=\dimen160
\Gm@even@mp=\dimen161
\Gm@layoutwidth=\dimen162
\Gm@layoutheight=\dimen163
\Gm@layouthoffset=\dimen164
\Gm@layoutvoffset=\dimen165
\Gm@dimlist=\toks27

(/Users/chris/Library/Application Support/MiKTeX/texmfs/install/tex/latex/geome
try/geometry.cfg))
(/Users/chris/Library/Application Support/MiKTeX/texmfs/install/tex/latex/mwe/m
we.sty
Package: mwe 2018/03/30 v0.5 Package to support minimal working examples (MWE)

(/Users/chris/Library/Application Support/MiKTeX/texmfs/install/tex/latex/lipsu
m/lipsum.sty
(/Library/Application Support/MiKTeX/texmfs/install/tex/latex/l3packages/l3keys
2e/l3keys2e.sty
(/Library/Application Support/MiKTeX/texmfs/install/tex/latex/l3kernel/expl3.st
y
Package: expl3 2022-04-10 L3 programming layer (loader) 

(/Library/Application Support/MiKTeX/texmfs/install/tex/latex/l3backend/l3backe
nd-pdftex.def
File: l3backend-pdftex.def 2022-04-14 L3 backend support: PDF output (pdfTeX)
\l__color_backend_stack_int=\count277
\l__pdf_internal_box=\box55
))
Package: l3keys2e 2022-01-12 LaTeX2e option processing using LaTeX3 keys
)
Package: lipsum 2021-09-20 v2.7 150 paragraphs of Lorem Ipsum dummy text
\g__lipsum_par_int=\count278
\l__lipsum_a_int=\count279
\l__lipsum_b_int=\count280

(/Users/chris/Library/Application Support/MiKTeX/texmfs/install/tex/latex/lipsu
m/lipsum.ltd.tex))
(/Library/Application Support/MiKTeX/texmfs/install/tex/latex/blindtext/blindte
xt.sty
Package: blindtext 2012/01/06 V2.0 blindtext-Package

(/Library/Application Support/MiKTeX/texmfs/install/tex/latex/tools/xspace.sty
Package: xspace 2014/10/28 v1.13 Space after command names (DPC,MH)
)
\c@blindtext=\count281
\c@Blindtext=\count282
\c@blind@countparstart=\count283
\blind@countxx=\count284
\blindtext@numBlindtext=\count285
\blind@countyy=\count286
\c@blindlist=\count287
\c@blindlistlevel=\count288
\c@blindlist@level=\count289
\blind@listitem=\count290
\c@blind@listcount=\count291
\c@blind@levelcount=\count292
\blind@mathformula=\count293
\blind@Mathformula=\count294
\c@blind@randomcount=\count295
\c@blind@randommax=\count296
\c@blind@pangramcount=\count297
\c@blind@pangrammax=\count298
))
(/Users/chris/Library/Application Support/MiKTeX/texmfs/install/tex/latex/subfi
g/subfig.sty
Package: subfig 2005/06/28 ver: 1.3 subfig package

(/Users/chris/Library/Application Support/MiKTeX/texmfs/install/tex/latex/capti
on/caption.sty
Package: caption 2022/03/01 v3.6b Customizing captions (AR)

(/Users/chris/Library/Application Support/MiKTeX/texmfs/install/tex/latex/capti
on/caption3.sty
Package: caption3 2022/03/17 v2.3b caption3 kernel (AR)
\caption@tempdima=\dimen166
\captionmargin=\dimen167
\caption@leftmargin=\dimen168
\caption@rightmargin=\dimen169
\caption@width=\dimen170
\caption@indent=\dimen171
\caption@parindent=\dimen172
\caption@hangindent=\dimen173
Package caption Info: Standard document class detected.
)
\c@caption@flags=\count299
\c@continuedfloat=\count300
Package caption Info: float package is loaded.
)
\c@KVtest=\count301
\sf@farskip=\skip51
\sf@captopadj=\dimen174
\sf@capskip=\skip52
\sf@nearskip=\skip53
\c@subfigure=\count302
\c@subfigure@save=\count303
\c@lofdepth=\count304
\c@subtable=\count305
\c@subtable@save=\count306
\c@lotdepth=\count307
\sf@top=\skip54
\sf@bottom=\skip55
)
(/Users/chris/Library/Application Support/MiKTeX/texmfs/install/tex/latex/psnfs
s/helvet.sty
Package: helvet 2020/03/25 PSNFSS-v9.3 (WaS) 
)
(/Users/chris/Library/Application Support/MiKTeX/texmfs/install/tex/latex/minte
d/minted.sty
Package: minted 2021/12/24 v2.6 Yet another Pygments shim for LaTeX

(/Users/chris/Library/Application Support/MiKTeX/texmfs/install/tex/latex/fvext
ra/fvextra.sty
Package: fvextra 2019/02/04 v1.4 fvextra - extensions and patches for fancyvrb

(/Library/Application Support/MiKTeX/texmfs/install/tex/latex/base/ifthen.sty
Package: ifthen 2020/11/24 v1.1c Standard LaTeX ifthen package (DPC)
)
(/Users/chris/Library/Application Support/MiKTeX/texmfs/install/tex/latex/fancy
vrb/fancyvrb.sty
Package: fancyvrb 2022/04/12 4.2 verbatim text (tvz,hv)
\FV@CodeLineNo=\count308
\FV@InFile=\read3
\FV@TabBox=\box56
\c@FancyVerbLine=\count309
\FV@StepNumber=\count310
\FV@OutFile=\write4
)
(/Users/chris/Library/Application Support/MiKTeX/texmfs/install/tex/latex/upquo
te/upquote.sty
Package: upquote 2012/04/19 v1.3 upright-quote and grave-accent glyphs in verba
tim
)
(/Users/chris/Library/Application Support/MiKTeX/texmfs/install/tex/latex/linen
o/lineno.sty
Package: lineno 2005/11/02 line numbers on paragraphs v4.41
\linenopenalty=\count311
\output=\toks28
\linenoprevgraf=\count312
\linenumbersep=\dimen175
\linenumberwidth=\dimen176
\c@linenumber=\count313
\c@pagewiselinenumber=\count314
\c@LN@truepage=\count315
\c@internallinenumber=\count316
\c@internallinenumbers=\count317
\quotelinenumbersep=\dimen177
\bframerule=\dimen178
\bframesep=\dimen179
\bframebox=\box57
LaTeX Info: Redefining \\ on input line 3056.
)
\c@FV@TrueTabGroupLevel=\count318
\c@FV@TrueTabCounter=\count319
\FV@TabBox@Group=\box58
\FV@TmpLength=\skip56
\c@FV@HighlightLinesStart=\count320
\c@FV@HighlightLinesStop=\count321
\FV@LoopCount=\count322
\FV@NCharsBox=\box59
\FV@BreakIndent=\dimen180
\FV@BreakIndentNChars=\count323
\FV@BreakSymbolSepLeft=\dimen181
\FV@BreakSymbolSepLeftNChars=\count324
\FV@BreakSymbolSepRight=\dimen182
\FV@BreakSymbolSepRightNChars=\count325
\FV@BreakSymbolIndentLeft=\dimen183
\FV@BreakSymbolIndentLeftNChars=\count326
\FV@BreakSymbolIndentRight=\dimen184
\FV@BreakSymbolIndentRightNChars=\count327
\c@FancyVerbLineBreakLast=\count328
\FV@LineBox=\box60
\FV@LineIndentBox=\box61
\FV@LineWidth=\dimen185
)
(/Library/Application Support/MiKTeX/texmfs/install/tex/latex/tools/calc.sty
Package: calc 2017/05/25 v4.3 Infix arithmetic (KKT,FJ)
\calc@Acount=\count329
\calc@Bcount=\count330
\calc@Adimen=\dimen186
\calc@Bdimen=\dimen187
\calc@Askip=\skip57
\calc@Bskip=\skip58
LaTeX Info: Redefining \setlength on input line 80.
LaTeX Info: Redefining \addtolength on input line 81.
\calc@Ccount=\count331
\calc@Cskip=\skip59
)
(/Users/chris/Library/Application Support/MiKTeX/texmfs/install/tex/latex/xstri
ng/xstring.sty
(/Users/chris/Library/Application Support/MiKTeX/texmfs/install/tex/generic/xst
ring/xstring.tex
\integerpart=\count332
\decimalpart=\count333
)
Package: xstring 2021/07/21 v1.84 String manipulations (CT)
)
(/Users/chris/Library/Application Support/MiKTeX/texmfs/install/tex/latex/frame
d/framed.sty
Package: framed 2011/10/22 v 0.96: framed or shaded text with page breaks
\OuterFrameSep=\skip60
\fb@frw=\dimen188
\fb@frh=\dimen189
\FrameRule=\dimen190
\FrameSep=\dimen191
)
\minted@appexistsfile=\read4
\minted@bgbox=\box62
\minted@code=\write5
\c@minted@FancyVerbLineTemp=\count334
\c@minted@pygmentizecounter=\count335
\@float@every@listing=\toks29
\c@listing=\count336
)
(/Library/Application Support/MiKTeX/texmfs/install/tex/latex/base/fontenc.sty
Package: fontenc 2021/04/29 v2.0v Standard LaTeX package
LaTeX Font Info:    Trying to load font information for T1+phv on input line 11
2.

(/Users/chris/Library/Application Support/MiKTeX/texmfs/install/tex/latex/psnfs
s/t1phv.fd
File: t1phv.fd 2020/03/25 scalable font definitions for T1/phv.
))
(/Users/chris/Library/Application Support/MiKTeX/texmfs/install/tex/latex/algor
ithm2e/algorithm2e.sty
Package: algorithm2e 2017/07/18 v5.2 algorithms environments
\c@AlgoLine=\count337
\algocf@hangindent=\skip61

(/Users/chris/Library/Application Support/MiKTeX/texmfs/install/tex/latex/ifodd
page/ifoddpage.sty
Package: ifoddpage 2016/04/23 v1.1 Conditionals for odd/even page detection
\c@checkoddpage=\count338
)
(/Users/chris/Library/Application Support/MiKTeX/texmfs/install/tex/latex/relsi
ze/relsize.sty
Package: relsize 2013/03/29 ver 4.1
)
\skiptotal=\skip62
\skiplinenumber=\skip63
\skiprule=\skip64
\skiphlne=\skip65
\skiptext=\skip66
\skiplength=\skip67
\algomargin=\skip68
\skipalgocfslide=\skip69
\algowidth=\dimen192
\inoutsize=\dimen193
\inoutindent=\dimen194
\interspacetitleruled=\dimen195
\interspacealgoruled=\dimen196
\interspacetitleboxruled=\dimen197
\algocf@ruledwidth=\skip70
\algocf@inoutbox=\box63
\algocf@inputbox=\box64
\AlCapSkip=\skip71
\AlCapHSkip=\skip72
\algoskipindent=\skip73
\algocf@nlbox=\box65
\algocf@hangingbox=\box66
\algocf@untilbox=\box67
\algocf@skipuntil=\skip74
\algocf@capbox=\box68
\algocf@lcaptionbox=\skip75
\algoheightruledefault=\skip76
\algoheightrule=\skip77
\algotitleheightruledefault=\skip78
\algotitleheightrule=\skip79
\c@algocfline=\count339
\c@algocfproc=\count340
\c@algocf=\count341
\algocf@algoframe=\box69
\algocf@algobox=\box70
)
(/Library/Application Support/MiKTeX/texmfs/install/tex/latex/url/url.sty
\Urlmuskip=\muskip16
Package: url 2013/09/16  ver 3.4  Verb mode for urls, etc.
)
(/Library/Application Support/MiKTeX/texmfs/install/tex/latex/amsmath/amsmath.s
ty
Package: amsmath 2021/10/15 v2.17l AMS math features
\@mathmargin=\skip80

For additional information on amsmath, use the `?' option.

(/Library/Application Support/MiKTeX/texmfs/install/tex/latex/amsmath/amstext.s
ty
Package: amstext 2021/08/26 v2.01 AMS text

(/Library/Application Support/MiKTeX/texmfs/install/tex/latex/amsmath/amsgen.st
y
File: amsgen.sty 1999/11/30 v2.0 generic functions
\@emptytoks=\toks30
\ex@=\dimen198
))
(/Library/Application Support/MiKTeX/texmfs/install/tex/latex/amsmath/amsbsy.st
y
Package: amsbsy 1999/11/29 v1.2d Bold Symbols
\pmbraise@=\dimen199
)
(/Library/Application Support/MiKTeX/texmfs/install/tex/latex/amsmath/amsopn.st
y
Package: amsopn 2021/08/26 v2.02 operator names
)
\inf@bad=\count342
LaTeX Info: Redefining \frac on input line 234.
\uproot@=\count343
\leftroot@=\count344
LaTeX Info: Redefining \overline on input line 399.
\classnum@=\count345
\DOTSCASE@=\count346
LaTeX Info: Redefining \ldots on input line 496.
LaTeX Info: Redefining \dots on input line 499.
LaTeX Info: Redefining \cdots on input line 620.
\Mathstrutbox@=\box71
\strutbox@=\box72
\big@size=\dimen256
LaTeX Font Info:    Redeclaring font encoding OML on input line 743.
LaTeX Font Info:    Redeclaring font encoding OMS on input line 744.
\macc@depth=\count347
\c@MaxMatrixCols=\count348
\dotsspace@=\muskip17
\c@parentequation=\count349
\dspbrk@lvl=\count350
\tag@help=\toks31
\row@=\count351
\column@=\count352
\maxfields@=\count353
\andhelp@=\toks32
\eqnshift@=\dimen257
\alignsep@=\dimen258
\tagshift@=\dimen259
\tagwidth@=\dimen260
\totwidth@=\dimen261
\lineht@=\dimen262
\@envbody=\toks33
\multlinegap=\skip81
\multlinetaggap=\skip82
\mathdisplay@stack=\toks34
LaTeX Info: Redefining \[ on input line 2938.
LaTeX Info: Redefining \] on input line 2939.
)
(/Library/Application Support/MiKTeX/texmfs/install/tex/latex/listings/listings
.sty
\lst@mode=\count354
\lst@gtempboxa=\box73
\lst@token=\toks35
\lst@length=\count355
\lst@currlwidth=\dimen263
\lst@column=\count356
\lst@pos=\count357
\lst@lostspace=\dimen264
\lst@width=\dimen265
\lst@newlines=\count358
\lst@lineno=\count359
\lst@maxwidth=\dimen266

(/Library/Application Support/MiKTeX/texmfs/install/tex/latex/listings/lstmisc.
sty
File: lstmisc.sty 2020/03/24 1.8d (Carsten Heinz)
\c@lstnumber=\count360
\lst@skipnumbers=\count361
\lst@framebox=\box74
)
(/Library/Application Support/MiKTeX/texmfs/install/tex/latex/listings/listings
.cfg
File: listings.cfg 2020/03/24 1.8d listings configuration
))
Package: listings 2020/03/24 1.8d (Carsten Heinz)

(/Users/chris/Library/Application Support/MiKTeX/texmfs/install/tex/latex/pdfpa
ges/pdfpages.sty
Package: pdfpages 2022/01/29 v0.5u Insert pages of external PDF documents (AM)

(/Users/chris/Library/Application Support/MiKTeX/texmfs/install/tex/latex/eso-p
ic/eso-pic.sty
Package: eso-pic 2020/10/14 v3.0a eso-pic (RN)
\ESO@tempdima=\dimen267
\ESO@tempdimb=\dimen268
)
\AM@pagewidth=\dimen269
\AM@pageheight=\dimen270
\AM@fboxrule=\dimen271

(/Users/chris/Library/Application Support/MiKTeX/texmfs/install/tex/latex/pdfpa
ges/pppdftex.def
File: pppdftex.def 2022/01/29 v0.5u Pdfpages driver for pdfTeX (AM)
)
\pdfpages@includegraphics@status=\count362
\AM@pagebox=\box75
\AM@global@opts=\toks36
\AM@pagecnt=\count363
\AM@toc@title=\toks37
\c@AM@survey=\count364
\AM@templatesizebox=\box76
)
(/Library/Application Support/MiKTeX/texmfs/install/tex/latex/tools/multicol.st
y
Package: multicol 2021/10/28 v1.9b multicolumn formatting (FMi)
\c@tracingmulticols=\count365
\mult@box=\box77
\multicol@leftmargin=\dimen272
\c@unbalance=\count366
\c@collectmore=\count367
\doublecol@number=\count368
\multicoltolerance=\count369
\multicolpretolerance=\count370
\full@width=\dimen273
\page@free=\dimen274
\premulticols=\dimen275
\postmulticols=\dimen276
\multicolsep=\skip83
\multicolbaselineskip=\skip84
\partial@page=\box78
\last@line=\box79
\maxbalancingoverflow=\dimen277
\mult@rightbox=\box80
\mult@grightbox=\box81
\mult@firstbox=\box82
\mult@gfirstbox=\box83
\@tempa=\box84
\@tempa=\box85
\@tempa=\box86
\@tempa=\box87
\@tempa=\box88
\@tempa=\box89
\@tempa=\box90
\@tempa=\box91
\@tempa=\box92
\@tempa=\box93
\@tempa=\box94
\@tempa=\box95
\@tempa=\box96
\@tempa=\box97
\@tempa=\box98
\@tempa=\box99
\@tempa=\box100
\@tempa=\box101
\@tempa=\box102
\@tempa=\box103
\@tempa=\box104
\@tempa=\box105
\@tempa=\box106
\@tempa=\box107
\@tempa=\box108
\@tempa=\box109
\@tempa=\box110
\@tempa=\box111
\@tempa=\box112
\@tempa=\box113
\@tempa=\box114
\@tempa=\box115
\@tempa=\box116
\@tempa=\box117
\@tempa=\box118
\@tempa=\box119
\c@minrows=\count371
\c@columnbadness=\count372
\c@finalcolumnbadness=\count373
\last@try=\dimen278
\multicolovershoot=\dimen279
\multicolundershoot=\dimen280
\mult@nat@firstbox=\box120
\colbreak@box=\box121
\mc@col@check@num=\count374
)
(/Users/chris/Library/Application Support/MiKTeX/texmfs/install/tex/latex/datet
ime/datetime.sty
Package: datetime 2015/03/20 v2.60 Date Time Package

(/Users/chris/Library/Application Support/MiKTeX/texmfs/install/tex/latex/fmtco
unt/fmtcount.sty
Package: fmtcount 2020/01/30 v3.07

(/Library/Application Support/MiKTeX/texmfs/install/tex/latex/xkeyval/xkeyval.s
ty
Package: xkeyval 2020/11/20 v2.8 package option processing (HA)

(/Library/Application Support/MiKTeX/texmfs/install/tex/generic/xkeyval/xkeyval
.tex
(/Library/Application Support/MiKTeX/texmfs/install/tex/generic/xkeyval/xkvutil
s.tex
\XKV@toks=\toks38
\XKV@tempa@toks=\toks39
)
\XKV@depth=\count375
File: xkeyval.tex 2014/12/03 v2.7a key=value parser (HA)
))
(/Users/chris/Library/Application Support/MiKTeX/texmfs/install/tex/latex/fmtco
unt/fcprefix.sty
Package: fcprefix 2012/09/28

(/Users/chris/Library/Application Support/MiKTeX/texmfs/install/tex/latex/fmtco
unt/fcnumparser.sty
Package: fcnumparser 2017/06/15
\fc@digit@counter=\count376
))
\c@padzeroesN=\count377
\fc@tmpcatcode=\count378
\@DT@modctr=\count379
\@ordinalctr=\count380
\@orgargctr=\count381
\@strctr=\count382
\@tmpstrctr=\count383
\@DT@loopN=\count384
\@DT@X=\count385
)
(/Users/chris/Library/Application Support/MiKTeX/texmfs/install/tex/latex/datet
ime/datetime-defaults.sty
Package: datetime-defaults 2013/09/10
)
\@day=\count386
\@month=\count387
\@year=\count388
\c@HOUR=\count389
\c@HOURXII=\count390
\c@MINUTE=\count391
\c@TOHOUR=\count392
\c@TOMINUTE=\count393
\c@SECOND=\count394
\currenthour=\count395
\currentminute=\count396
\currentsecond=\count397
Package datetime Info: No datetime.cfg file found, using default settings on in
put line 308.
\@dtctr=\count398
\dayofyear=\count399
\dayofweek=\count400
LaTeX Info: Redefining \today on input line 736.
\dt@a=\toks40
\dt@b=\toks41
)
(/Library/Application Support/MiKTeX/texmfs/install/tex/latex/graphics/rotating
.sty
Package: rotating 2016/08/11 v2.16d rotated objects in LaTeX
\c@r@tfl@t=\count401
\rotFPtop=\skip85
\rotFPbot=\skip86
\rot@float@box=\box122
\rot@mess@toks=\toks42
)
(/Users/chris/Library/Application Support/MiKTeX/texmfs/install/tex/latex/bookt
abs/booktabs.sty
Package: booktabs 2020/01/12 v1.61803398 Publication quality tables
\heavyrulewidth=\dimen281
\lightrulewidth=\dimen282
\cmidrulewidth=\dimen283
\belowrulesep=\dimen284
\belowbottomsep=\dimen285
\aboverulesep=\dimen286
\abovetopsep=\dimen287
\cmidrulesep=\dimen288
\cmidrulekern=\dimen289
\defaultaddspace=\dimen290
\@cmidla=\count402
\@cmidlb=\count403
\@aboverulesep=\dimen291
\@belowrulesep=\dimen292
\@thisruleclass=\count404
\@lastruleclass=\count405
\@thisrulewidth=\dimen293
)
(/Library/Application Support/MiKTeX/texmfs/install/tex/latex/hyperref/hyperref
.sty
Package: hyperref 2022-02-21 v7.00n Hypertext links for LaTeX

(/Users/chris/Library/Application Support/MiKTeX/texmfs/install/tex/generic/kvd
efinekeys/kvdefinekeys.sty
Package: kvdefinekeys 2019-12-19 v1.6 Define keys (HO)
)
(/Users/chris/Library/Application Support/MiKTeX/texmfs/install/tex/generic/pdf
escape/pdfescape.sty
Package: pdfescape 2019/12/09 v1.15 Implements pdfTeX's escape features (HO)
)
(/Users/chris/Library/Application Support/MiKTeX/texmfs/install/tex/latex/hycol
or/hycolor.sty
Package: hycolor 2020-01-27 v1.10 Color options for hyperref/bookmark (HO)
)
(/Users/chris/Library/Application Support/MiKTeX/texmfs/install/tex/latex/letlt
xmacro/letltxmacro.sty
Package: letltxmacro 2019/12/03 v1.6 Let assignment for LaTeX macros (HO)
)
\@linkdim=\dimen294
\Hy@linkcounter=\count406
\Hy@pagecounter=\count407

(/Library/Application Support/MiKTeX/texmfs/install/tex/latex/hyperref/pd1enc.d
ef
File: pd1enc.def 2022-02-21 v7.00n Hyperref: PDFDocEncoding definition (HO)
Now handling font encoding PD1 ...
... no UTF-8 mapping file for font encoding PD1
)
(/Users/chris/Library/Application Support/MiKTeX/texmfs/install/tex/generic/int
calc/intcalc.sty
Package: intcalc 2019/12/15 v1.3 Expandable calculations with integers (HO)
)
\Hy@SavedSpaceFactor=\count408

(/Library/Application Support/MiKTeX/texmfs/install/tex/latex/hyperref/puenc.de
f
File: puenc.def 2022-02-21 v7.00n Hyperref: PDF Unicode definition (HO)
Now handling font encoding PU ...
... no UTF-8 mapping file for font encoding PU
)
Package hyperref Info: Option `pdffitwindow' set `true' on input line 4018.
Package hyperref Info: Hyper figures OFF on input line 4137.
Package hyperref Info: Link nesting OFF on input line 4142.
Package hyperref Info: Hyper index ON on input line 4145.
Package hyperref Info: Plain pages OFF on input line 4152.
Package hyperref Info: Backreferencing OFF on input line 4157.
Package hyperref Info: Implicit mode ON; LaTeX internals redefined.
Package hyperref Info: Bookmarks ON on input line 4390.
\c@Hy@tempcnt=\count409
LaTeX Info: Redefining \url on input line 4749.
\XeTeXLinkMargin=\dimen295

(/Users/chris/Library/Application Support/MiKTeX/texmfs/install/tex/generic/bit
set/bitset.sty
Package: bitset 2019/12/09 v1.3 Handle bit-vector datatype (HO)

(/Users/chris/Library/Application Support/MiKTeX/texmfs/install/tex/generic/big
intcalc/bigintcalc.sty
Package: bigintcalc 2019/12/15 v1.5 Expandable calculations on big integers (HO
)
))
\Fld@menulength=\count410
\Field@Width=\dimen296
\Fld@charsize=\dimen297
Package hyperref Info: Hyper figures OFF on input line 6027.
Package hyperref Info: Link nesting OFF on input line 6032.
Package hyperref Info: Hyper index ON on input line 6035.
Package hyperref Info: backreferencing OFF on input line 6042.
Package hyperref Info: Link coloring OFF on input line 6047.
Package hyperref Info: Link coloring with OCG OFF on input line 6052.
Package hyperref Info: PDF/A mode OFF on input line 6057.
LaTeX Info: Redefining \ref on input line 6097.
LaTeX Info: Redefining \pageref on input line 6101.

(/Library/Application Support/MiKTeX/texmfs/install/tex/latex/base/atbegshi-ltx
.sty
Package: atbegshi-ltx 2021/01/10 v1.0c Emulation of the original atbegshi
package with kernel methods
)
\Hy@abspage=\count411
\c@Item=\count412
\c@Hfootnote=\count413
)
Package hyperref Info: Driver (autodetected): hpdftex.

(/Library/Application Support/MiKTeX/texmfs/install/tex/latex/hyperref/hpdftex.
def
File: hpdftex.def 2022-02-21 v7.00n Hyperref driver for pdfTeX

(/Library/Application Support/MiKTeX/texmfs/install/tex/latex/base/atveryend-lt
x.sty
Package: atveryend-ltx 2020/08/19 v1.0a Emulation of the original atveryend pac
kage
with kernel methods
)
\Fld@listcount=\count414
\c@bookmark@seq@number=\count415

(/Users/chris/Library/Application Support/MiKTeX/texmfs/install/tex/latex/rerun
filecheck/rerunfilecheck.sty
Package: rerunfilecheck 2019/12/05 v1.9 Rerun checks for auxiliary files (HO)

(/Users/chris/Library/Application Support/MiKTeX/texmfs/install/tex/generic/uni
quecounter/uniquecounter.sty
Package: uniquecounter 2019/12/15 v1.4 Provide unlimited unique counter (HO)
)
Package uniquecounter Info: New unique counter `rerunfilecheck' on input line 2
86.
)
\Hy@SectionHShift=\skip87
)
Package hyperref Info: Option `colorlinks' set `true' on input line 51.
\c@Theorem=\count416

(/Library/Application Support/MiKTeX/texmfs/install/tex/latex/listings/lstlang1
.sty
File: lstlang1.sty 2020/03/24 1.8d listings language file
)
(/Library/Application Support/MiKTeX/texmfs/install/tex/latex/base/textcomp.sty
Package: textcomp 2020/02/02 v2.0n Standard LaTeX package
)
runsystem(which pygmentize && touch main.aex)...executed.

runsystem(rm main.aex)...executed.


(/Users/chris/Library/CloudStorage/OneDrive-BirminghamCityUniversity/CMP6210 - 
Cloud Computing/2022-05-04 Cloud Computing Report (Group)/out/main.aux)
\openout1 = `main.aux'.

LaTeX Font Info:    Checking defaults for OML/cmm/m/it on input line 103.
LaTeX Font Info:    ... okay on input line 103.
LaTeX Font Info:    Checking defaults for OMS/cmsy/m/n on input line 103.
LaTeX Font Info:    ... okay on input line 103.
LaTeX Font Info:    Checking defaults for OT1/cmr/m/n on input line 103.
LaTeX Font Info:    ... okay on input line 103.
LaTeX Font Info:    Checking defaults for T1/cmr/m/n on input line 103.
LaTeX Font Info:    ... okay on input line 103.
LaTeX Font Info:    Checking defaults for TS1/cmr/m/n on input line 103.
LaTeX Font Info:    ... okay on input line 103.
LaTeX Font Info:    Checking defaults for OMX/cmex/m/n on input line 103.
LaTeX Font Info:    ... okay on input line 103.
LaTeX Font Info:    Checking defaults for U/cmr/m/n on input line 103.
LaTeX Font Info:    ... okay on input line 103.
LaTeX Font Info:    Checking defaults for PD1/pdf/m/n on input line 103.
LaTeX Font Info:    ... okay on input line 103.
LaTeX Font Info:    Checking defaults for PU/pdf/m/n on input line 103.
LaTeX Font Info:    ... okay on input line 103.

(/Library/Application Support/MiKTeX/texmfs/install/tex/context/base/mkii/supp-
pdf.mkii
[Loading MPS to PDF converter (version 2006.09.02).]
\scratchcounter=\count417
\scratchdimen=\dimen298
\scratchbox=\box123
\nofMPsegments=\count418
\nofMParguments=\count419
\everyMPshowfont=\toks43
\MPscratchCnt=\count420
\MPscratchDim=\dimen299
\MPnumerator=\count421
\makeMPintoPDFobject=\count422
\everyMPtoPDFconversion=\toks44
)
(/Library/Application Support/MiKTeX/texmfs/install/tex/latex/epstopdf-pkg/epst
opdf-base.sty
Package: epstopdf-base 2020-01-24 v2.11 Base part for package epstopdf
Package epstopdf-base Info: Redefining graphics rule for `.eps' on input line 4
85.

(/Library/Application Support/MiKTeX/texmfs/install/tex/latex/00miktex/epstopdf
-sys.cfg
File: epstopdf-sys.cfg 2021/03/18 v2.0 Configuration of epstopdf for MiKTeX
)) ()

Package svg Warning: No version of Inkscape was detected by invoking
(svg)                `inkscape -V'
(svg)                so the Inkscape export will fail quite sure as the
(svg)                command is probably unknown to your OS. You could set
(svg)                `inkscapeversion=<version>' manually but this is very
(svg)                unlikely to work on input line 103.

*geometry* driver: auto-detecting
*geometry* detected driver: pdftex
*geometry* verbose mode - [ preamble ] result:
* driver: pdftex
* paper: a4paper
* layout: <same size as paper>
* layoutoffset:(h,v)=(0.0pt,0.0pt)
* modes: 
* h-part:(L,W,R)=(99.58464pt, 426.79134pt, 71.1319pt)
* v-part:(T,H,B)=(71.13188pt, 682.86613pt, 91.04883pt)
* \paperwidth=597.50787pt
* \paperheight=845.04684pt
* \textwidth=426.79134pt
* \textheight=682.86613pt
* \oddsidemargin=27.31465pt
* \evensidemargin=27.31465pt
* \topmargin=-38.1381pt
* \headheight=12.0pt
* \headsep=25.0pt
* \topskip=11.0pt
* \footskip=30.0pt
* \marginparwidth=50.0pt
* \marginparsep=10.0pt
* \columnsep=10.0pt
* \skip\footins=10.0pt plus 4.0pt minus 2.0pt
* \hoffset=0.0pt
* \voffset=0.0pt
* \mag=1000
* \@twocolumnfalse
* \@twosidefalse
* \@mparswitchfalse
* \@reversemarginfalse
* (1in=72.27pt=25.4mm, 1cm=28.453pt)

Package caption Info: Begin \AtBeginDocument code.
Package caption Info: subfig package v1.3 is loaded.
Package caption Info: hyperref package is loaded.
Package caption Info: listings package is loaded.
Package caption Info: rotating package is loaded.
Package caption Info: End \AtBeginDocument code.
\c@lstlisting=\count423

(/Users/chris/Library/Application Support/MiKTeX/texmfs/install/tex/latex/pdfls
cape/pdflscape.sty
Package: pdflscape 2019/12/05 v0.12 Display of landscape pages in PDF (HO)

(/Library/Application Support/MiKTeX/texmfs/install/tex/latex/graphics/lscape.s
ty
Package: lscape 2020/05/28 v3.02 Landscape Pages (DPC)
)
Package pdflscape Info: Auto-detected driver: pdftex on input line 81.
)
(/Users/chris/Library/Application Support/MiKTeX/texmfs/install/tex/latex/fmtco
unt/fc-english.def
File: fc-english.def 2016/01/12
)
Package hyperref Info: Link coloring ON on input line 103.

(/Library/Application Support/MiKTeX/texmfs/install/tex/latex/hyperref/nameref.
sty
Package: nameref 2021-04-02 v2.47 Cross-referencing by name of section

(/Users/chris/Library/Application Support/MiKTeX/texmfs/install/tex/latex/refco
unt/refcount.sty
Package: refcount 2019/12/15 v3.6 Data extraction from label references (HO)
)
(/Users/chris/Library/Application Support/MiKTeX/texmfs/install/tex/generic/get
titlestring/gettitlestring.sty
Package: gettitlestring 2019/12/15 v1.6 Cleanup title references (HO)
)
\c@section@level=\count424
)
LaTeX Info: Redefining \ref on input line 103.
LaTeX Info: Redefining \pageref on input line 103.
LaTeX Info: Redefining \nameref on input line 103.

(/Users/chris/Library/CloudStorage/OneDrive-BirminghamCityUniversity/CMP6210 - 
Cloud Computing/2022-05-04 Cloud Computing Report (Group)/out/main.out)
(/Users/chris/Library/CloudStorage/OneDrive-BirminghamCityUniversity/CMP6210 - 
Cloud Computing/2022-05-04 Cloud Computing Report (Group)/out/main.out)
\@outlinefile=\write6
\openout6 = `main.out'.


main.tex:105: Undefined control sequence.
l.105 \DeclareFieldFormat
                         {url}{%
The control sequence at the end of the top line
of your error message was never \def'ed. If you have
misspelled it (e.g., `\hobx'), type `I' and the correct
spelling (e.g., `I\hbox'). Otherwise just continue,
and I'll forget about whatever was undefined.

main.tex:106: Undefined control sequence.
l.106     \mkbibacro
                    {Available at}\addcolon\space
The control sequence at the end of the top line
of your error message was never \def'ed. If you have
misspelled it (e.g., `\hobx'), type `I' and the correct
spelling (e.g., `I\hbox'). Otherwise just continue,
and I'll forget about whatever was undefined.

main.tex:106: Undefined control sequence.
l.106     \mkbibacro{Available at}\addcolon
                                           \space
The control sequence at the end of the top line
of your error message was never \def'ed. If you have
misspelled it (e.g., `\hobx'), type `I' and the correct
spelling (e.g., `I\hbox'). Otherwise just continue,
and I'll forget about whatever was undefined.

LaTeX Font Info:    Trying to load font information for T1+cmtt on input line 1
07.
(/Library/Application Support/MiKTeX/texmfs/install/tex/latex/base/t1cmtt.fd
File: t1cmtt.fd 2019/12/16 v2.5j Standard LaTeX font definitions
)
main.tex:110: Undefined control sequence.
l.110 \DeclareFieldFormat
                         {doi}{%
The control sequence at the end of the top line
of your error message was never \def'ed. If you have
misspelled it (e.g., `\hobx'), type `I' and the correct
spelling (e.g., `I\hbox'). Otherwise just continue,
and I'll forget about whatever was undefined.

main.tex:111: Undefined control sequence.
l.111     \mkbibacro
                    {Available at}\addcolon\space
The control sequence at the end of the top line
of your error message was never \def'ed. If you have
misspelled it (e.g., `\hobx'), type `I' and the correct
spelling (e.g., `I\hbox'). Otherwise just continue,
and I'll forget about whatever was undefined.

main.tex:111: Undefined control sequence.
l.111     \mkbibacro{Available at}\addcolon
                                           \space
The control sequence at the end of the top line
of your error message was never \def'ed. If you have
misspelled it (e.g., `\hobx'), type `I' and the correct
spelling (e.g., `I\hbox'). Otherwise just continue,
and I'll forget about whatever was undefined.

main.tex:115: Undefined control sequence.
l.115 \DefineBibliographyStrings
                                {english}{%
The control sequence at the end of the top line
of your error message was never \def'ed. If you have
misspelled it (e.g., `\hobx'), type `I' and the correct
spelling (e.g., `I\hbox'). Otherwise just continue,
and I'll forget about whatever was undefined.

main.tex:119: Undefined control sequence.
l.119 \DeclareFieldFormat
                         {isbn}{%
The control sequence at the end of the top line
of your error message was never \def'ed. If you have
misspelled it (e.g., `\hobx'), type `I' and the correct
spelling (e.g., `I\hbox'). Otherwise just continue,
and I'll forget about whatever was undefined.

main.tex:120: Undefined control sequence.
l.120     \mkbibacro
                    {Available at}\addcolon\space
The control sequence at the end of the top line
of your error message was never \def'ed. If you have
misspelled it (e.g., `\hobx'), type `I' and the correct
spelling (e.g., `I\hbox'). Otherwise just continue,
and I'll forget about whatever was undefined.

main.tex:120: Undefined control sequence.
l.120     \mkbibacro{Available at}\addcolon
                                           \space
The control sequence at the end of the top line
of your error message was never \def'ed. If you have
misspelled it (e.g., `\hobx'), type `I' and the correct
spelling (e.g., `I\hbox'). Otherwise just continue,
and I'll forget about whatever was undefined.

main.tex:124: Undefined control sequence.
l.124 \addbibresource
                     {main.bib}
The control sequence at the end of the top line
of your error message was never \def'ed. If you have
misspelled it (e.g., `\hobx'), type `I' and the correct
spelling (e.g., `I\hbox'). Otherwise just continue,
and I'll forget about whatever was undefined.

Package svg Info: Calling Inkscape on input line 133.
runsystem(inkscape "bcu_logo_landscape_narrow_blk.svg" -D --export-latex --expo
rt-filename="bcu_logo_landscape_narrow_blk_svg-tex.pdf")...executed.

runsystem(inkscape "bcu_logo_landscape_narrow_blk.svg" -D --export-latex \relax
 --without-gui --export-pdf="bcu_logo_landscape_narrow_blk_svg-tex.pdf")...exec
uted.


main.tex:133: Package svg Error: Inkscape version not detected.

See the svg package documentation for explanation.
Type  H <return>  for immediate help.
 ...                                              
                                                  
l.133 \beforeabstract
                     
It was tried to invoke `inkscape'
for file "bcu_logo_landscape_narrow_blk.svg"
but no result was produced. Check the log file
and set `inkscapeversion=<version>' manually.

runsystem(inkscape "bcu_logo_landscape_narrow_blk.svg" -D --export-latex --expo
rt-filename="bcu_logo_landscape_narrow_blk_svg-tex.pdf")...executed.


Package svg Warning: The export with Inkscape failed for file
(svg)                `bcu_logo_landscape_narrow_blk.svg'
(svg)                Troubleshooting: Please check in the log file how
(svg)                the invocation of Inkscape took place and try to
(svg)                execute it yourself in the terminal on input line 133.


main.tex:133: Package svg Error: File `bcu_logo_landscape_narrow_blk_svg-tex.pd
f' is missing.

See the svg package documentation for explanation.
Type  H <return>  for immediate help.
 ...                                              
                                                  
l.133 \beforeabstract
                     
Did you run the export with Inkscape? There's no file
`./svg-inkscape/bcu_logo_landscape_narrow_blk_svg-tex.pdf'
although `bcu_logo_landscape_narrow_blk.svg' was found.


main.tex:133: Package svg Error: File `bcu_logo_landscape_narrow_blk_svg-tex.pd
f_tex' is missing.

See the svg package documentation for explanation.
Type  H <return>  for immediate help.
 ...                                              
                                                  
l.133 \beforeabstract
                     
Did you run the export with Inkscape? There's no file
`./svg-inkscape/bcu_logo_landscape_narrow_blk_svg-tex.pdf_tex'
although `bcu_logo_landscape_narrow_blk.svg' was found.

[1

{/Users/chris/Library/Application Support/MiKTeX/texmfs/data/fonts/map/pdftex/p
dftex.map}]

Package hyperref Warning: old toc file detected, not used; run LaTeX again.

\tf@toc=\write7
\openout7 = `main.toc'.

[2

]

Package hyperref Warning: old lof file detected, not used; run LaTeX again.

\tf@lof=\write8
\openout8 = `main.lof'.

[3

]
\openout2 = `glossary/glossary.aux'.

 (glossary/glossary.tex
Chapter 1.
LaTeX Font Info:    Trying to load font information for TS1+phv on input line 4
.

(/Users/chris/Library/Application Support/MiKTeX/texmfs/install/tex/latex/psnfs
s/ts1phv.fd
File: ts1phv.fd 2020/03/25 scalable font definitions for TS1/phv.
) [4


]) [5]
\openout2 = `intro/introduction.aux'.

 (intro/introduction.tex
Chapter 2.
LaTeX Font Info:    Font shape `T1/phv/m/it' in size <10.95> not available
(Font)              Font shape `T1/phv/m/sl' tried instead on input line 5.
) [1




]
\openout2 = `webapp/webapp.aux'.

 (webapp/webapp.tex
Chapter 3.
webapp/webapp.tex:9: Undefined control sequence.
l.9 ...ache HTTP Server, MySQL, and PHP \parencite
                                                  {lee2003open}.
The control sequence at the end of the top line
of your error message was never \def'ed. If you have
misspelled it (e.g., `\hobx'), type `I' and the correct
spelling (e.g., `I\hbox'). Otherwise just continue,
and I'll forget about whatever was undefined.

webapp/webapp.tex:10: Undefined control sequence.
l.10 ...osted within a Docker container~\parencite
                                                  {anderson2015docker} which...
The control sequence at the end of the top line
of your error message was never \def'ed. If you have
misspelled it (e.g., `\hobx'), type `I' and the correct
spelling (e.g., `I\hbox'). Otherwise just continue,
and I'll forget about whatever was undefined.

webapp/webapp.tex:11: Undefined control sequence.
l.11 ...used to host the app on the web~\parencite
                                                  {fielding1997apache}.
The control sequence at the end of the top line
of your error message was never \def'ed. If you have
misspelled it (e.g., `\hobx'), type `I' and the correct
spelling (e.g., `I\hbox'). Otherwise just continue,
and I'll forget about whatever was undefined.

webapp/webapp.tex:12: Undefined control sequence.
l.12 ...onal database management system~\parencite
                                                  {widenius2002mysql} which ...
The control sequence at the end of the top line
of your error message was never \def'ed. If you have
misspelled it (e.g., `\hobx'), type `I' and the correct
spelling (e.g., `I\hbox'). Otherwise just continue,
and I'll forget about whatever was undefined.

webapp/webapp.tex:13: Undefined control sequence.
l.13 ...o its stability and reliability~\parencite
                                                  {lerdorf2002programming}.
The control sequence at the end of the top line
of your error message was never \def'ed. If you have
misspelled it (e.g., `\hobx'), type `I' and the correct
spelling (e.g., `I\hbox'). Otherwise just continue,
and I'll forget about whatever was undefined.


LaTeX Warning: Reference `fig:tables-overview' on page 2 undefined on input lin
e 20.

\openout5 = `main.pyg'.

(main.out.pyg)
runsystem(pygmentize -l sql -f latex -P commandprefix=PYG -F tokenmerge -P stri
pnl=False -o main.out.pyg main.pyg)...executed.

 (main.out.pyg)
\openout5 = `main.pyg'.

runsystem(pygmentize -l sql -f latex -P commandprefix=PYG -F tokenmerge -P stri
pnl=False -o main.out.pyg main.pyg)...executed.

 (main.out.pyg)
\openout5 = `main.pyg'.

runsystem(pygmentize -l sql -f latex -P commandprefix=PYG -F tokenmerge -P stri
pnl=False -o main.out.pyg main.pyg)...executed.

 (main.out.pyg)
<resources/database/tables-overview.png, id=42, 218.8175pt x 108.405pt>
File: resources/database/tables-overview.png Graphic file (type png)
<use resources/database/tables-overview.png>
Package pdftex.def Info: resources/database/tables-overview.png  used on input 
line 24.
(pdftex.def)             Requested size: 175.05423pt x 86.7241pt.
\openout5 = `main.pyg'.

runsystem(pygmentize -l sql -f latex -P commandprefix=PYG -F tokenmerge -P stri
pnl=False -o main.out.pyg main.pyg)...executed.

 (main.out.pyg)

LaTeX Warning: Reference `fig:migrations-records' on page 2 undefined on input 
line 29.

\openout5 = `main.pyg'.

runsystem(pygmentize -l sql -f latex -P commandprefix=PYG -F tokenmerge -P stri
pnl=False -o main.out.pyg main.pyg)...executed.

(main.out.pyg [2




])
\openout5 = `main.pyg'.

runsystem(pygmentize -l sql -f latex -P commandprefix=PYG -F tokenmerge -P stri
pnl=False -o main.out.pyg main.pyg)...executed.

 (main.out.pyg)
\openout5 = `main.pyg'.

runsystem(pygmentize -l sql -f latex -P commandprefix=PYG -F tokenmerge -P stri
pnl=False -o main.out.pyg main.pyg)...executed.

 (main.out.pyg)
\openout5 = `main.pyg'.

runsystem(pygmentize -l sql -f latex -P commandprefix=PYG -F tokenmerge -P stri
pnl=False -o main.out.pyg main.pyg)...executed.

 (main.out.pyg)
\openout5 = `main.pyg'.

runsystem(pygmentize -l sql -f latex -P commandprefix=PYG -F tokenmerge -P stri
pnl=False -o main.out.pyg main.pyg)...executed.

 (main.out.pyg)
<resources/database/migrations-records.png, id=52, 474.77374pt x 83.31125pt>
File: resources/database/migrations-records.png Graphic file (type png)
<use resources/database/migrations-records.png>
Package pdftex.def Info: resources/database/migrations-records.png  used on inp
ut line 41.
(pdftex.def)             Requested size: 426.79134pt x 74.89424pt.
\openout5 = `main.pyg'.

runsystem(pygmentize -l sql -f latex -P commandprefix=PYG -F tokenmerge -P stri
pnl=False -o main.out.pyg main.pyg)...executed.


(main.out.pyg)
\openout5 = `main.pyg'.

runsystem(pygmentize -l sql -f latex -P commandprefix=PYG -F tokenmerge -P stri
pnl=False -o main.out.pyg main.pyg)...executed.

 (main.out.pyg)
\openout5 = `main.pyg'.

runsystem(pygmentize -l sql -f latex -P commandprefix=PYG -F tokenmerge -P stri
pnl=False -o main.out.pyg main.pyg)...executed.

 (main.out.pyg)

LaTeX Warning: Reference `fig:users-records' on page 3 undefined on input line 
46.

\openout5 = `main.pyg'.

runsystem(pygmentize -l sql -f latex -P commandprefix=PYG -F tokenmerge -P stri
pnl=False -o main.out.pyg main.pyg)...executed.

(main.out.pyg)
\openout5 = `main.pyg'.

runsystem(pygmentize -l sql -f latex -P commandprefix=PYG -F tokenmerge -P stri
pnl=False -o main.out.pyg main.pyg)...executed.

 (main.out.pyg)
\openout5 = `main.pyg'.

runsystem(pygmentize -l sql -f latex -P commandprefix=PYG -F tokenmerge -P stri
pnl=False -o main.out.pyg main.pyg)...executed.

 (main.out.pyg)
\openout5 = `main.pyg'.

runsystem(pygmentize -l sql -f latex -P commandprefix=PYG -F tokenmerge -P stri
pnl=False -o main.out.pyg main.pyg)...executed.

 (main.out.pyg)
webapp/webapp.tex:52: Undefined control sequence.
l.52 ... with 184 bit hashing by Bcrypt~\parencite
                                                  {laravel2022hashing}.
The control sequence at the end of the top line
of your error message was never \def'ed. If you have
misspelled it (e.g., `\hobx'), type `I' and the correct
spelling (e.g., `I\hbox'). Otherwise just continue,
and I'll forget about whatever was undefined.

\openout5 = `main.pyg'.

runsystem(pygmentize -l sql -f latex -P commandprefix=PYG -F tokenmerge -P stri
pnl=False -o main.out.pyg main.pyg)...executed.

(main.out.pyg)
\openout5 = `main.pyg'.

runsystem(pygmentize -l sql -f latex -P commandprefix=PYG -F tokenmerge -P stri
pnl=False -o main.out.pyg main.pyg)...executed.

 (main.out.pyg)
\openout5 = `main.pyg'.

runsystem(pygmentize -l sql -f latex -P commandprefix=PYG -F tokenmerge -P stri
pnl=False -o main.out.pyg main.pyg)...executed.

 (main.out.pyg)
<resources/database/users-records.png, id=53, 1031.855pt x 140.525pt>
File: resources/database/users-records.png Graphic file (type png)
<use resources/database/users-records.png>
Package pdftex.def Info: resources/database/users-records.png  used on input li
ne 60.
(pdftex.def)             Requested size: 426.79134pt x 58.1238pt.
\openout5 = `main.pyg'.

runsystem(pygmentize -l sql -f latex -P commandprefix=PYG -F tokenmerge -P stri
pnl=False -o main.out.pyg main.pyg)...executed.

 (main.out.pyg)
\openout5 = `main.pyg'.

runsystem(pygmentize -l sql -f latex -P commandprefix=PYG -F tokenmerge -P stri
pnl=False -o main.out.pyg main.pyg)...executed.

 (main.out.pyg)
[3 <./resources/database/tables-overview.png> <./resources/database/migrations-
records.png>] [4 <./resources/database/users-records.png>]
\openout5 = `main.pyg'.

runsystem(pygmentize -l sql -f latex -P commandprefix=PYG -F tokenmerge -P stri
pnl=False -o main.out.pyg main.pyg)...executed.

 (main.out.pyg)

LaTeX Warning: Reference `fig:stories-records' on page 5 undefined on input lin
e 66.

\openout5 = `main.pyg'.

runsystem(pygmentize -l sql -f latex -P commandprefix=PYG -F tokenmerge -P stri
pnl=False -o main.out.pyg main.pyg)...executed.

(main.out.pyg)
\openout5 = `main.pyg'.

runsystem(pygmentize -l sql -f latex -P commandprefix=PYG -F tokenmerge -P stri
pnl=False -o main.out.pyg main.pyg)...executed.

 (main.out.pyg)
\openout5 = `main.pyg'.

runsystem(pygmentize -l sql -f latex -P commandprefix=PYG -F tokenmerge -P stri
pnl=False -o main.out.pyg main.pyg)...executed.

 (main.out.pyg)
\openout5 = `main.pyg'.

runsystem(pygmentize -l sql -f latex -P commandprefix=PYG -F tokenmerge -P stri
pnl=False -o main.out.pyg main.pyg)...executed.

 (main.out.pyg)
\openout5 = `main.pyg'.

runsystem(pygmentize -l sql -f latex -P commandprefix=PYG -F tokenmerge -P stri
pnl=False -o main.out.pyg main.pyg)...executed.

 (main.out.pyg)
\openout5 = `main.pyg'.

runsystem(pygmentize -l sql -f latex -P commandprefix=PYG -F tokenmerge -P stri
pnl=False -o main.out.pyg main.pyg)...executed.


(main.out.pyg)
\openout5 = `main.pyg'.

runsystem(pygmentize -l sql -f latex -P commandprefix=PYG -F tokenmerge -P stri
pnl=False -o main.out.pyg main.pyg)...executed.

 (main.out.pyg)
\openout5 = `main.pyg'.

runsystem(pygmentize -l sql -f latex -P commandprefix=PYG -F tokenmerge -P stri
pnl=False -o main.out.pyg main.pyg)...executed.

 (main.out.pyg)
\openout5 = `main.pyg'.

runsystem(pygmentize -l sql -f latex -P commandprefix=PYG -F tokenmerge -P stri
pnl=False -o main.out.pyg main.pyg)...executed.

 (main.out.pyg)
\openout5 = `main.pyg'.

runsystem(pygmentize -l sql -f latex -P commandprefix=PYG -F tokenmerge -P stri
pnl=False -o main.out.pyg main.pyg)...executed.

 (main.out.pyg)
\openout5 = `main.pyg'.

runsystem(pygmentize -l sql -f latex -P commandprefix=PYG -F tokenmerge -P stri
pnl=False -o main.out.pyg main.pyg)...executed.


(main.out.pyg)

webapp/webapp.tex:84: LaTeX Error: Environment subfigure undefined.

See the LaTeX manual or LaTeX Companion for explanation.
Type  H <return>  for immediate help.
 ...                                              
                                                  
l.84     \begin{subfigure}
                          
Your command was ignored.
Type  I <command> <return>  to replace it with another command,
or  <return>  to continue without it.

<resources/database/stories-records-1.png, id=68, 938.50626pt x 77.28876pt>
File: resources/database/stories-records-1.png Graphic file (type png)
<use resources/database/stories-records-1.png>
Package pdftex.def Info: resources/database/stories-records-1.png  used on inpu
t line 85.
(pdftex.def)             Requested size: 426.79134pt x 35.14755pt.

webapp/webapp.tex:86: LaTeX Error: \begin{figure} on input line 82 ended by \en
d{subfigure}.

See the LaTeX manual or LaTeX Companion for explanation.
Type  H <return>  for immediate help.
 ...                                              
                                                  
l.86     \end{subfigure}
                        
Your command was ignored.
Type  I <command> <return>  to replace it with another command,
or  <return>  to continue without it.


webapp/webapp.tex:87: LaTeX Error: Environment subfigure undefined.

See the LaTeX manual or LaTeX Companion for explanation.
Type  H <return>  for immediate help.
 ...                                              
                                                  
l.87     \begin{subfigure}
                          
Your command was ignored.
Type  I <command> <return>  to replace it with another command,
or  <return>  to continue without it.

<resources/database/stories-records-2.png, id=69, 777.90625pt x 82.3075pt>
File: resources/database/stories-records-2.png Graphic file (type png)
<use resources/database/stories-records-2.png>
Package pdftex.def Info: resources/database/stories-records-2.png  used on inpu
t line 88.
(pdftex.def)             Requested size: 426.79134pt x 45.15872pt.

webapp/webapp.tex:89: LaTeX Error: \begin{figure} on input line 82 ended by \en
d{subfigure}.

See the LaTeX manual or LaTeX Companion for explanation.
Type  H <return>  for immediate help.
 ...                                              
                                                  
l.89     \end{subfigure}
                        
Your command was ignored.
Type  I <command> <return>  to replace it with another command,
or  <return>  to continue without it.

\openout5 = `main.pyg'.

runsystem(pygmentize -l sql -f latex -P commandprefix=PYG -F tokenmerge -P stri
pnl=False -o main.out.pyg main.pyg)...executed.

(main.out.pyg)
\openout5 = `main.pyg'.

runsystem(pygmentize -l sql -f latex -P commandprefix=PYG -F tokenmerge -P stri
pnl=False -o main.out.pyg main.pyg)...executed.

 (main.out.pyg) [5

 <./resources/database/stories-records-1.png> <./resources/database/stories-rec
ords-2.png>]
webapp/webapp.tex:97: Undefined control sequence.
l.97 ...e, a powerful templating engine~\parencite
                                                  {laravel2022blade}.
The control sequence at the end of the top line
of your error message was never \def'ed. If you have
misspelled it (e.g., `\hobx'), type `I' and the correct
spelling (e.g., `I\hbox'). Otherwise just continue,
and I'll forget about whatever was undefined.


LaTeX Warning: Reference `fig:digital-ink-home-and-sign-up' on page 6 undefined
 on input line 99.

\openout5 = `main.pyg'.

runsystem(pygmentize -l sql -f latex -P commandprefix=PYG -F tokenmerge -P stri
pnl=False -o main.out.pyg main.pyg)...executed.

(main.out.pyg)

webapp/webapp.tex:104: LaTeX Error: Environment subfigure undefined.

See the LaTeX manual or LaTeX Companion for explanation.
Type  H <return>  for immediate help.
 ...                                              
                                                  
l.104     \begin{subfigure}
                           
Your command was ignored.
Type  I <command> <return>  to replace it with another command,
or  <return>  to continue without it.

<resources/webapp/digital-ink-home.png, id=77, 805.20825pt x 457.71pt>
File: resources/webapp/digital-ink-home.png Graphic file (type png)
<use resources/webapp/digital-ink-home.png>
Package pdftex.def Info: resources/webapp/digital-ink-home.png  used on input l
ine 105.
(pdftex.def)             Requested size: 426.79134pt x 242.6061pt.

webapp/webapp.tex:106: LaTeX Error: \begin{figure} on input line 102 ended by \
end{subfigure}.

See the LaTeX manual or LaTeX Companion for explanation.
Type  H <return>  for immediate help.
 ...                                              
                                                  
l.106     \end{subfigure}
                         
Your command was ignored.
Type  I <command> <return>  to replace it with another command,
or  <return>  to continue without it.


webapp/webapp.tex:107: LaTeX Error: Environment subfigure undefined.

See the LaTeX manual or LaTeX Companion for explanation.
Type  H <return>  for immediate help.
 ...                                              
                                                  
l.107     \begin{subfigure}
                           
Your command was ignored.
Type  I <command> <return>  to replace it with another command,
or  <return>  to continue without it.

<resources/webapp/digital-ink-sign-up.png, id=78, 784.1295pt x 442.65375pt>
File: resources/webapp/digital-ink-sign-up.png Graphic file (type png)
<use resources/webapp/digital-ink-sign-up.png>
Package pdftex.def Info: resources/webapp/digital-ink-sign-up.png  used on inpu
t line 108.
(pdftex.def)             Requested size: 426.79134pt x 240.92741pt.

webapp/webapp.tex:109: LaTeX Error: \begin{figure} on input line 102 ended by \
end{subfigure}.

See the LaTeX manual or LaTeX Companion for explanation.
Type  H <return>  for immediate help.
 ...                                              
                                                  
l.109     \end{subfigure}
                         
Your command was ignored.
Type  I <command> <return>  to replace it with another command,
or  <return>  to continue without it.

[6

 <./resources/webapp/digital-ink-home.png> <./resources/webapp/digital-ink-sign
-up.png>]

LaTeX Warning: Reference `fig:digital-ink-create-story' on page 7 undefined on 
input line 117.

\openout5 = `main.pyg'.

runsystem(pygmentize -l sql -f latex -P commandprefix=PYG -F tokenmerge -P stri
pnl=False -o main.out.pyg main.pyg)...executed.

(main.out.pyg)

webapp/webapp.tex:122: LaTeX Error: Environment subfigure undefined.

See the LaTeX manual or LaTeX Companion for explanation.
Type  H <return>  for immediate help.
 ...                                              
                                                  
l.122         \begin{subfigure}
                               
Your command was ignored.
Type  I <command> <return>  to replace it with another command,
or  <return>  to continue without it.

<resources/webapp/digital-ink-create-story-1.png, id=87, 1002.74625pt x 451.687
5pt>
File: resources/webapp/digital-ink-create-story-1.png Graphic file (type png)
<use resources/webapp/digital-ink-create-story-1.png>
Package pdftex.def Info: resources/webapp/digital-ink-create-story-1.png  used 
on input line 123.
(pdftex.def)             Requested size: 426.79134pt x 192.25067pt.

webapp/webapp.tex:124: LaTeX Error: \begin{figure} on input line 120 ended by \
end{subfigure}.

See the LaTeX manual or LaTeX Companion for explanation.
Type  H <return>  for immediate help.
 ...                                              
                                                  
l.124         \end{subfigure}
                             
Your command was ignored.
Type  I <command> <return>  to replace it with another command,
or  <return>  to continue without it.


webapp/webapp.tex:125: LaTeX Error: Environment subfigure undefined.

See the LaTeX manual or LaTeX Companion for explanation.
Type  H <return>  for immediate help.
 ...                                              
                                                  
l.125         \begin{subfigure}
                               
Your command was ignored.
Type  I <command> <return>  to replace it with another command,
or  <return>  to continue without it.

<resources/webapp/digital-ink-create-story-2.png, id=88, 1009.97325pt x 405.916
5pt>
File: resources/webapp/digital-ink-create-story-2.png Graphic file (type png)
<use resources/webapp/digital-ink-create-story-2.png>
Package pdftex.def Info: resources/webapp/digital-ink-create-story-2.png  used 
on input line 126.
(pdftex.def)             Requested size: 426.79134pt x 171.53052pt.

webapp/webapp.tex:127: LaTeX Error: \begin{figure} on input line 120 ended by \
end{subfigure}.

See the LaTeX manual or LaTeX Companion for explanation.
Type  H <return>  for immediate help.
 ...                                              
                                                  
l.127         \end{subfigure}
                             
Your command was ignored.
Type  I <command> <return>  to replace it with another command,
or  <return>  to continue without it.


webapp/webapp.tex:128: LaTeX Error: Environment subfigure undefined.

See the LaTeX manual or LaTeX Companion for explanation.
Type  H <return>  for immediate help.
 ...                                              
                                                  
l.128         \begin{subfigure}
                               
Your command was ignored.
Type  I <command> <return>  to replace it with another command,
or  <return>  to continue without it.

<resources/webapp/digital-ink-create-story-3.png, id=89, 1005.7575pt x 499.8675
pt>
File: resources/webapp/digital-ink-create-story-3.png Graphic file (type png)
<use resources/webapp/digital-ink-create-story-3.png>
Package pdftex.def Info: resources/webapp/digital-ink-create-story-3.png  used 
on input line 129.
(pdftex.def)             Requested size: 426.79134pt x 212.11671pt.

webapp/webapp.tex:130: LaTeX Error: \begin{figure} on input line 120 ended by \
end{subfigure}.

See the LaTeX manual or LaTeX Companion for explanation.
Type  H <return>  for immediate help.
 ...                                              
                                                  
l.130         \end{subfigure}
                             
Your command was ignored.
Type  I <command> <return>  to replace it with another command,
or  <return>  to continue without it.

[7

] [8 <./resources/webapp/digital-ink-create-story-1.png> <./resources/webapp/di
gital-ink-create-story-2.png> <./resources/webapp/digital-ink-create-story-3.pn
g>]

LaTeX Warning: Reference `fig:digital-ink-account' on page 9 undefined on input
 line 137.

\openout5 = `main.pyg'.

runsystem(pygmentize -l sql -f latex -P commandprefix=PYG -F tokenmerge -P stri
pnl=False -o main.out.pyg main.pyg)...executed.

(main.out.pyg)
<resources/webapp/digital-ink-account.png, id=103, 988.8945pt x 347.49825pt>
File: resources/webapp/digital-ink-account.png Graphic file (type png)
<use resources/webapp/digital-ink-account.png>
Package pdftex.def Info: resources/webapp/digital-ink-account.png  used on inpu
t line 142.
(pdftex.def)             Requested size: 426.79134pt x 149.97276pt.


LaTeX Warning: Reference `fig:digital-ink-stories-and-story' on page 9 undefine
d on input line 150.


webapp/webapp.tex:154: LaTeX Error: Environment subfigure undefined.

See the LaTeX manual or LaTeX Companion for explanation.
Type  H <return>  for immediate help.
 ...                                              
                                                  
l.154     \begin{subfigure}
                           
Your command was ignored.
Type  I <command> <return>  to replace it with another command,
or  <return>  to continue without it.

<resources/webapp/digital-ink-stories.png, id=104, 1035.26775pt x 211.38976pt>
File: resources/webapp/digital-ink-stories.png Graphic file (type png)
<use resources/webapp/digital-ink-stories.png>
Package pdftex.def Info: resources/webapp/digital-ink-stories.png  used on inpu
t line 155.
(pdftex.def)             Requested size: 426.79134pt x 87.1445pt.

webapp/webapp.tex:156: LaTeX Error: \begin{figure} on input line 152 ended by \
end{subfigure}.

See the LaTeX manual or LaTeX Companion for explanation.
Type  H <return>  for immediate help.
 ...                                              
                                                  
l.156     \end{subfigure}
                         
Your command was ignored.
Type  I <command> <return>  to replace it with another command,
or  <return>  to continue without it.


webapp/webapp.tex:157: LaTeX Error: Environment subfigure undefined.

See the LaTeX manual or LaTeX Companion for explanation.
Type  H <return>  for immediate help.
 ...                                              
                                                  
l.157     \begin{subfigure}
                           
Your command was ignored.
Type  I <command> <return>  to replace it with another command,
or  <return>  to continue without it.

<resources/webapp/digital-ink-story.png, id=105, 1009.97325pt x 307.74976pt>
File: resources/webapp/digital-ink-story.png Graphic file (type png)
<use resources/webapp/digital-ink-story.png>
Package pdftex.def Info: resources/webapp/digital-ink-story.png  used on input 
line 158.
(pdftex.def)             Requested size: 426.79134pt x 130.0476pt.

webapp/webapp.tex:159: LaTeX Error: \begin{figure} on input line 152 ended by \
end{subfigure}.

See the LaTeX manual or LaTeX Companion for explanation.
Type  H <return>  for immediate help.
 ...                                              
                                                  
l.159     \end{subfigure}
                         
Your command was ignored.
Type  I <command> <return>  to replace it with another command,
or  <return>  to continue without it.

) [9

 <./resources/webapp/digital-ink-account.png> <./resources/webapp/digital-ink-s
tories.png> <./resources/webapp/digital-ink-story.png>]
\openout2 = `vpc_subnets/vpc_subnets.aux'.


(vpc_subnets/vpc_subnets.tex
Chapter 4.
vpc_subnets/vpc_subnets.tex:5: Undefined control sequence.
l.5 ... the scalable AWS infrastructure~\parencite
                                                  {amazon2022what}.
The control sequence at the end of the top line
of your error message was never \def'ed. If you have
misspelled it (e.g., `\hobx'), type `I' and the correct
spelling (e.g., `I\hbox'). Otherwise just continue,
and I'll forget about whatever was undefined.


LaTeX Warning: Reference `fig:vpc-wizard' on page 10 undefined on input line 11
.

<resources/vpc/vpc-dashboard.png, id=115, 1067.78925pt x 467.94826pt>
File: resources/vpc/vpc-dashboard.png Graphic file (type png)
<use resources/vpc/vpc-dashboard.png>
Package pdftex.def Info: resources/vpc/vpc-dashboard.png  used on input line 15
.
(pdftex.def)             Requested size: 426.79134pt x 187.03317pt.
[10




 <./resources/vpc/vpc-dashboard.png>]

LaTeX Warning: Reference `fig:vpc-step-1' on page 11 undefined on input line 35
.

<resources/vpc/step_1_select_a_vpc_configuration.png, id=123, 1445.4pt x 709.65
125pt>
File: resources/vpc/step_1_select_a_vpc_configuration.png Graphic file (type pn
g)
<use resources/vpc/step_1_select_a_vpc_configuration.png>
Package pdftex.def Info: resources/vpc/step_1_select_a_vpc_configuration.png  u
sed on input line 39.
(pdftex.def)             Requested size: 426.79134pt x 209.5402pt.
\openout5 = `main.pyg'.

runsystem(pygmentize -l zsh -f latex -P commandprefix=PYG -F tokenmerge -P stri
pnl=False -o main.out.pyg main.pyg)...executed.

(main.out.pyg)
\openout5 = `main.pyg'.

runsystem(pygmentize -l zsh -f latex -P commandprefix=PYG -F tokenmerge -P stri
pnl=False -o main.out.pyg main.pyg)...executed.

 (main.out.pyg)
\openout5 = `main.pyg'.

runsystem(pygmentize -l zsh -f latex -P commandprefix=PYG -F tokenmerge -P stri
pnl=False -o main.out.pyg main.pyg)...executed.

 (main.out.pyg)
\openout5 = `main.pyg'.

runsystem(pygmentize -l zsh -f latex -P commandprefix=PYG -F tokenmerge -P stri
pnl=False -o main.out.pyg main.pyg)...executed.

 (main.out.pyg)
\openout5 = `main.pyg'.

runsystem(pygmentize -l zsh -f latex -P commandprefix=PYG -F tokenmerge -P stri
pnl=False -o main.out.pyg main.pyg)...executed.

 (main.out.pyg)
\openout5 = `main.pyg'.

runsystem(pygmentize -l zsh -f latex -P commandprefix=PYG -F tokenmerge -P stri
pnl=False -o main.out.pyg main.pyg)...executed.


(main.out.pyg)
\openout5 = `main.pyg'.

runsystem(pygmentize -l zsh -f latex -P commandprefix=PYG -F tokenmerge -P stri
pnl=False -o main.out.pyg main.pyg)...executed.

 (main.out.pyg)
\openout5 = `main.pyg'.

runsystem(pygmentize -l zsh -f latex -P commandprefix=PYG -F tokenmerge -P stri
pnl=False -o main.out.pyg main.pyg)...executed.

 (main.out.pyg) [11 <./resources/vpc/step_1_select_a_vpc_configuration.png>]
<resources/vpc/step_2_vpc_with_public_and_private_subnets.png, id=130, 1445.4pt
 x 705.63625pt>
File: resources/vpc/step_2_vpc_with_public_and_private_subnets.png Graphic file
 (type png)
<use resources/vpc/step_2_vpc_with_public_and_private_subnets.png>
Package pdftex.def Info: resources/vpc/step_2_vpc_with_public_and_private_subne
ts.png  used on input line 64.
(pdftex.def)             Requested size: 426.79134pt x 208.35469pt.
File: resources/vpc/step_2_vpc_with_public_and_private_subnets.png Graphic file
 (type png)
<use resources/vpc/step_2_vpc_with_public_and_private_subnets.png>
Package pdftex.def Info: resources/vpc/step_2_vpc_with_public_and_private_subne
ts.png  used on input line 73.
(pdftex.def)             Requested size: 426.79134pt x 208.35469pt.
) [12 <./resources/vpc/step_2_vpc_with_public_and_private_subnets.png>]
\openout2 = `ec2/ec2.aux'.

 (ec2/ec2.tex
Chapter 5.
ec2/ec2.tex:7: Undefined control sequence.
l.7 cloud~\parencite
                    {aws2022ec2}.
The control sequence at the end of the top line
of your error message was never \def'ed. If you have
misspelled it (e.g., `\hobx'), type `I' and the correct
spelling (e.g., `I\hbox'). Otherwise just continue,
and I'll forget about whatever was undefined.

<resources/ec2/create-instance-application-and-os-images.png, id=138, 1445.4pt 
x 745.78625pt>
File: resources/ec2/create-instance-application-and-os-images.png Graphic file 
(type png)
<use resources/ec2/create-instance-application-and-os-images.png>
Package pdftex.def Info: resources/ec2/create-instance-application-and-os-image
s.png  used on input line 13.
(pdftex.def)             Requested size: 426.79134pt x 220.20987pt.

LaTeX Warning: Reference `fig:ec2-os' on page 13 undefined on input line 18.


LaTeX Warning: Reference `fig:ec2-instance' on page 13 undefined on input line 
23.

[13




 <./resources/ec2/create-instance-application-and-os-images.png>]
<resources/ec2/create-instance-instance-type.png, id=147, 1445.4pt x 741.77126p
t>
File: resources/ec2/create-instance-instance-type.png Graphic file (type png)
<use resources/ec2/create-instance-instance-type.png>
Package pdftex.def Info: resources/ec2/create-instance-instance-type.png  used 
on input line 28.
(pdftex.def)             Requested size: 426.79134pt x 219.02435pt.


LaTeX Warning: Reference `ch:web-app' on page 14 undefined on input line 38.


LaTeX Warning: Reference `fig:ec2-keypair' on page 14 undefined on input line 3
9.

<resources/ec2/create-key-pair.png, id=148, 1445.4pt x 740.7675pt>
File: resources/ec2/create-key-pair.png Graphic file (type png)
<use resources/ec2/create-key-pair.png>
Package pdftex.def Info: resources/ec2/create-key-pair.png  used on input line 
43.
(pdftex.def)             Requested size: 426.79134pt x 218.72797pt.

LaTeX Warning: Reference `ch:vpc-subnets' on page 14 undefined on input line 48
.

\openout5 = `main.pyg'.

runsystem(pygmentize -l zsh -f latex -P commandprefix=PYG -F tokenmerge -P stri
pnl=False -o main.out.pyg main.pyg)...executed.

(main.out.pyg) [14

 <./resources/ec2/create-instance-instance-type.png> <./resources/ec2/create-ke
y-pair.png>]
<resources/ec2/create-instance-network-settings.png, id=158, 1445.4pt x 740.767
5pt>
File: resources/ec2/create-instance-network-settings.png Graphic file (type png
)
<use resources/ec2/create-instance-network-settings.png>
Package pdftex.def Info: resources/ec2/create-instance-network-settings.png  us
ed on input line 54.
(pdftex.def)             Requested size: 426.79134pt x 218.72797pt.
<resources/ec2/keypair.png, id=159, 764.8575pt x 572.1375pt>
File: resources/ec2/keypair.png Graphic file (type png)
<use resources/ec2/keypair.png>
Package pdftex.def Info: resources/ec2/keypair.png  used on input line 61.
(pdftex.def)             Requested size: 426.79134pt x 319.25116pt.
\openout5 = `main.pyg'.

runsystem(pygmentize -l sql -f latex -P commandprefix=PYG -F tokenmerge -P stri
pnl=False -o main.out.pyg main.pyg)...executed.

 (main.out.pyg)
\openout5 = `main.pyg'.

runsystem(pygmentize -l sql -f latex -P commandprefix=PYG -F tokenmerge -P stri
pnl=False -o main.out.pyg main.pyg)...executed.

 (main.out.pyg)

LaTeX Warning: Reference `fig:ec2-networking' on page 15 undefined on input lin
e 66.

\openout5 = `main.pyg'.

runsystem(pygmentize -l sql -f latex -P commandprefix=PYG -F tokenmerge -P stri
pnl=False -o main.out.pyg main.pyg)...executed.

(main.out.pyg) [15

 <./resources/ec2/create-instance-network-settings.png> <./resources/ec2/keypai
r.png>]
<resources/ec2/create-instance-configure-storage.png, id=168, 1445.4pt x 740.76
75pt>
File: resources/ec2/create-instance-configure-storage.png Graphic file (type pn
g)
<use resources/ec2/create-instance-configure-storage.png>
Package pdftex.def Info: resources/ec2/create-instance-configure-storage.png  u
sed on input line 77.
(pdftex.def)             Requested size: 426.79134pt x 218.72797pt.


LaTeX Warning: Reference `fig:ec2-storage' on page 16 undefined on input line 8
2.

[16

 <./resources/ec2/create-instance-configure-storage.png>]
\openout5 = `main.pyg'.

runsystem(pygmentize -l zsh -f latex -P commandprefix=PYG -F tokenmerge -P stri
pnl=False -o main.out.pyg main.pyg)...executed.

 (main.out.pyg)
\openout5 = `main.pyg'.

runsystem(pygmentize -l zsh -f latex -P commandprefix=PYG -F tokenmerge -P stri
pnl=False -o main.out.pyg main.pyg)...executed.


(main.out.pyg)
\openout5 = `main.pyg'.

runsystem(pygmentize -l sql -f latex -P commandprefix=PYG -F tokenmerge -P stri
pnl=False -o main.out.pyg main.pyg)...executed.

 (main.out.pyg)
\openout4 = `main.pyg'.

runsystem(pygmentize -l zsh -f latex -P commandprefix=PYG -F tokenmerge -P stri
pnl=False -o main.out.pyg main.pyg)...executed.

 (main.out.pyg)

LaTeX Warning: Reference `fig:ssh-login' on page 17 undefined on input line 103
.

<resources/ec2/ec2-logged-in.png, id=175, 764.8575pt x 572.1375pt>
File: resources/ec2/ec2-logged-in.png Graphic file (type png)
<use resources/ec2/ec2-logged-in.png>
Package pdftex.def Info: resources/ec2/ec2-logged-in.png  used on input line 10
7.
(pdftex.def)             Requested size: 426.79134pt x 319.25116pt.

LaTeX Warning: Reference `fig:ec2-logged-in' on page 17 undefined on input line
 112.

[17

 <./resources/ec2/ec2-logged-in.png>]
\openout5 = `main.pyg'.

runsystem(pygmentize -l zsh -f latex -P commandprefix=PYG -F tokenmerge -P stri
pnl=False -o main.out.pyg main.pyg)...executed.

 (main.out.pyg)
<resources/ec2/installing-git.png, id=184, 2890.8pt x 1806.75pt>
File: resources/ec2/installing-git.png Graphic file (type png)
<use resources/ec2/installing-git.png>
Package pdftex.def Info: resources/ec2/installing-git.png  used on input line 1
22.
(pdftex.def)             Requested size: 398.33858pt x 248.9458pt.
\openout5 = `main.pyg'.

runsystem(pygmentize -l zsh -f latex -P commandprefix=PYG -F tokenmerge -P stri
pnl=False -o main.out.pyg main.pyg)...executed.

 (main.out.pyg)
<resources/ec2/installing-docker.png, id=185, 2890.8pt x 1471.4975pt>
File: resources/ec2/installing-docker.png Graphic file (type png)
<use resources/ec2/installing-docker.png>
Package pdftex.def Info: resources/ec2/installing-docker.png  used on input lin
e 131.
(pdftex.def)             Requested size: 398.33858pt x 202.75253pt.
 [18

 <./resources/ec2/installing-git.png> <./resources/ec2/installing-docker.png>]
\openout5 = `main.pyg'.

runsystem(pygmentize -l zsh -f latex -P commandprefix=PYG -F tokenmerge -P stri
pnl=False -o main.out.pyg main.pyg)...executed.


(main.out.pyg)
\openout5 = `main.pyg'.

runsystem(pygmentize -l zsh -f latex -P commandprefix=PYG -F tokenmerge -P stri
pnl=False -o main.out.pyg main.pyg)...executed.

 (main.out.pyg)
<resources/ec2/webapp-clone.png, id=195, 649.42625pt x 222.8325pt>
File: resources/ec2/webapp-clone.png Graphic file (type png)
<use resources/ec2/webapp-clone.png>
Package pdftex.def Info: resources/ec2/webapp-clone.png  used on input line 144
.
(pdftex.def)             Requested size: 355.65944pt x 122.03802pt.
\openout5 = `main.pyg'.

runsystem(pygmentize -l zsh -f latex -P commandprefix=PYG -F tokenmerge -P stri
pnl=False -o main.out.pyg main.pyg)...executed.

 (main.out.pyg)
\openout5 = `main.pyg'.

runsystem(pygmentize -l zsh -f latex -P commandprefix=PYG -F tokenmerge -P stri
pnl=False -o main.out.pyg main.pyg)...executed.

 (main.out.pyg)
\openout5 = `main.pyg'.

runsystem(pygmentize -l docker -f latex -P commandprefix=PYG -F tokenmerge -P s
tripnl=False -o main.out.pyg main.pyg)...executed.

 (main.out.pyg)
\openout5 = `main.pyg'.

runsystem(pygmentize -l docker -f latex -P commandprefix=PYG -F tokenmerge -P s
tripnl=False -o main.out.pyg main.pyg)...executed.


(main.out.pyg)
<resources/ec2/docker-compose.png, id=196, 1445.4pt x 852.18375pt>
File: resources/ec2/docker-compose.png Graphic file (type png)
<use resources/ec2/docker-compose.png>
Package pdftex.def Info: resources/ec2/docker-compose.png  used on input line 1
56.
(pdftex.def)             Requested size: 355.65944pt x 209.69057pt.
\openout5 = `main.pyg'.

runsystem(pygmentize -l docker -f latex -P commandprefix=PYG -F tokenmerge -P s
tripnl=False -o main.out.pyg main.pyg)...executed.

 (main.out.pyg) [19

 <./resources/ec2/webapp-clone.png> <./resources/ec2/docker-compose.png>]
\openout5 = `main.pyg'.

runsystem(pygmentize -l docker -f latex -P commandprefix=PYG -F tokenmerge -P s
tripnl=False -o main.out.pyg main.pyg)...executed.

 (main.out.pyg)
\openout5 = `main.pyg'.

runsystem(pygmentize -l docker -f latex -P commandprefix=PYG -F tokenmerge -P s
tripnl=False -o main.out.pyg main.pyg)...executed.

 (main.out.pyg) [20]
\openout5 = `main.pyg'.

runsystem(pygmentize -l docker -f latex -P commandprefix=PYG -F tokenmerge -P s
tripnl=False -o main.out.pyg main.pyg)...executed.

 (main.out.pyg)
\openout5 = `main.pyg'.

runsystem(pygmentize -l docker -f latex -P commandprefix=PYG -F tokenmerge -P s
tripnl=False -o main.out.pyg main.pyg)...executed.


(main.out.pyg)
\openout5 = `main.pyg'.

runsystem(pygmentize -l docker -f latex -P commandprefix=PYG -F tokenmerge -P s
tripnl=False -o main.out.pyg main.pyg)...executed.

 (main.out.pyg)
\openout5 = `main.pyg'.

runsystem(pygmentize -l zsh -f latex -P commandprefix=PYG -F tokenmerge -P stri
pnl=False -o main.out.pyg main.pyg)...executed.

 (main.out.pyg)
<resources/ec2/php-artisan-migrate.png, id=214, 1445.4pt x 212.795pt>
File: resources/ec2/php-artisan-migrate.png Graphic file (type png)
<use resources/ec2/php-artisan-migrate.png>
Package pdftex.def Info: resources/ec2/php-artisan-migrate.png  used on input l
ine 179.
(pdftex.def)             Requested size: 426.79134pt x 62.83241pt.
\openout5 = `main.pyg'.

runsystem(pygmentize -l zsh -f latex -P commandprefix=PYG -F tokenmerge -P stri
pnl=False -o main.out.pyg main.pyg)...executed.

 (main.out.pyg)
\openout5 = `main.pyg'.

runsystem(pygmentize -l zsh -f latex -P commandprefix=PYG -F tokenmerge -P stri
pnl=False -o main.out.pyg main.pyg)...executed.

 (main.out.pyg)

LaTeX Warning: Reference `fig:php-artisan-migrate' on page 21 undefined on inpu
t line 184.

<resources/ec2/digital-ink-ec2.png, id=216, 1445.4pt x 811.03pt>
File: resources/ec2/digital-ink-ec2.png Graphic file (type png)
<use resources/ec2/digital-ink-ec2.png>
Package pdftex.def Info: resources/ec2/digital-ink-ec2.png  used on input line 
190.
(pdftex.def)             Requested size: 426.79134pt x 239.47453pt.
) [21

 <./resources/ec2/php-artisan-migrate.png