\BOOKMARK [0][-]{chapter.1}{\376\377\000G\000l\000o\000s\000s\000a\000r\000y}{}% 1
\BOOKMARK [0][-]{chapter.2}{\376\377\000I\000n\000t\000r\000o\000d\000u\000c\000t\000i\000o\000n}{}% 2
\BOOKMARK [0][-]{chapter.3}{\376\377\000W\000e\000b\000\040\000A\000p\000p}{}% 3
\BOOKMARK [1][-]{section.3.1}{\376\377\000S\000o\000f\000t\000w\000a\000r\000e\000\040\000S\000t\000a\000c\000k}{chapter.3}% 4
\BOOKMARK [1][-]{section.3.2}{\376\377\000D\000a\000t\000a\000b\000a\000s\000e\000\040\000D\000e\000s\000i\000g\000n}{chapter.3}% 5
\BOOKMARK [1][-]{section.3.3}{\376\377\000I\000n\000t\000e\000r\000f\000a\000c\000e\000\040\000D\000e\000s\000i\000g\000n}{chapter.3}% 6
\BOOKMARK [0][-]{chapter.4}{\376\377\000V\000i\000r\000t\000u\000a\000l\000\040\000P\000r\000i\000v\000a\000t\000e\000\040\000C\000l\000o\000u\000d\000\040\000\050\000V\000P\000C\000\051}{}% 7
\BOOKMARK [1][-]{section.4.1}{\376\377\000E\000l\000a\000s\000t\000i\000c\000\040\000I\000P\000\040\000A\000d\000d\000r\000e\000s\000s}{chapter.4}% 8
\BOOKMARK [1][-]{section.4.2}{\376\377\000V\000P\000C\000\040\000a\000n\000d\000\040\000S\000u\000b\000n\000e\000t\000s}{chapter.4}% 9
\BOOKMARK [0][-]{chapter.5}{\376\377\000E\000l\000a\000s\000t\000i\000c\000\040\000C\000l\000o\000u\000d\000\040\000C\000o\000m\000p\000u\000t\000e\000\040\000\050\000E\000C\0002\000\051}{}% 10
\BOOKMARK [1][-]{section.5.1}{\376\377\000A\000W\000S\000\040\000S\000e\000t\000u\000p}{chapter.5}% 11
\BOOKMARK [1][-]{section.5.2}{\376\377\000E\000C\0002\000\040\000L\000o\000g\000i\000n}{chapter.5}% 12
\BOOKMARK [1][-]{section.5.3}{\376\377\000P\000a\000c\000k\000a\000g\000e\000\040\000S\000e\000t\000u\000p}{chapter.5}% 13
\BOOKMARK [1][-]{section.5.4}{\376\377\000W\000e\000b\000\040\000A\000p\000p\000\040\000S\000e\000t\000u\000p}{chapter.5}% 14
\BOOKMARK [1][-]{section.5.5}{\376\377\000s\000y\000s\000t\000e\000m\000d\000\040\000S\000e\000r\000v\000i\000c\000e\000s}{chapter.5}% 15
\BOOKMARK [0][-]{chapter.6}{\376\377\000S\000i\000m\000p\000l\000e\000\040\000S\000t\000o\000r\000a\000g\000e\000\040\000S\000e\000r\000v\000i\000c\000e\000\040\000\050\000S\0003\000\051}{}% 16
\BOOKMARK [0][-]{chapter.7}{\376\377\000C\000l\000o\000u\000d\000F\000r\000o\000n\000t}{}% 17
\BOOKMARK [0][-]{chapter.8}{\376\377\000C\000l\000o\000u\000d\000W\000a\000t\000c\000h}{}% 18
\BOOKMARK [0][-]{chapter.9}{\376\377\000C\000l\000o\000u\000d\000T\000r\000a\000i\000l}{}% 19
\BOOKMARK [0][-]{chapter.10}{\376\377\000R\000e\000l\000a\000t\000i\000o\000n\000a\000l\000\040\000D\000a\000t\000a\000b\000a\000s\000e\000\040\000S\000e\000r\000v\000i\000c\000e\000\040\000\050\000R\000D\000S\000\051}{}% 20
\BOOKMARK [0][-]{chapter.11}{\376\377\000A\000v\000a\000i\000l\000a\000b\000i\000l\000i\000t\000y\000\040\000Z\000o\000n\000e\000s}{}% 21
\BOOKMARK [0][-]{chapter.12}{\376\377\000E\000l\000a\000s\000t\000i\000c\000\040\000L\000o\000a\000d\000\040\000B\000a\000l\000a\000n\000c\000i\000n\000g\000\040\000\050\000E\000L\000B\000\051}{}% 22
\BOOKMARK [0][-]{chapter.13}{\376\377\000S\000e\000c\000u\000r\000i\000t\000y\000\040\000P\000r\000a\000c\000t\000i\000c\000e\000s}{}% 23
\BOOKMARK [0][-]{chapter.14}{\376\377\000C\000o\000s\000t\000\040\000B\000r\000e\000a\000k\000d\000o\000w\000n}{}% 24
\BOOKMARK [1][-]{section.14.1}{\376\377\000E\000s\000t\000i\000m\000a\000t\000e\000d\000\040\000C\000o\000s\000t\000s}{chapter.14}% 25
\BOOKMARK [1][-]{section.14.2}{\376\377\000S\000c\000a\000l\000i\000n\000g\000\040\000U\000p\000\040\000t\000o\000\040\0001\0000\000,\0000\0000\0000\000\040\000U\000s\000e\000r\000s}{chapter.14}% 26
\BOOKMARK [1][-]{section.14.3}{\376\377\000S\000c\000a\000l\000i\000n\000g\000\040\000U\000p\000\040\000t\000o\000\040\000O\000n\000e\000\040\000M\000i\000l\000l\000i\000o\000n\000\040\000U\000s\000e\000r\000s}{chapter.14}% 27
\BOOKMARK [1][-]{section.14.4}{\376\377\000S\000c\000a\000l\000i\000n\000g\000\040\000U\000p\000\040\000t\000o\000\040\000T\000e\000n\000\040\000M\000i\000l\000l\000i\000o\000n\000\040\000U\000s\000e\000r\000s}{chapter.14}% 28
\BOOKMARK [0][-]{chapter.15}{\376\377\000T\000e\000s\000t\000i\000n\000g}{}% 29
\BOOKMARK [1][-]{section.15.1}{\376\377\000T\000e\000s\000t\000i\000n\000g\000\040\000E\000C\0002}{chapter.15}% 30
\BOOKMARK [1][-]{section.15.2}{\376\377\000T\000e\000s\000t\000i\000n\000g\000\040\000S\0003}{chapter.15}% 31
\BOOKMARK [1][-]{section.15.3}{\376\377\000T\000e\000s\000t\000i\000n\000g\000\040\000C\000l\000o\000u\000d\000F\000r\000o\000n\000t}{chapter.15}% 32
\BOOKMARK [1][-]{section.15.4}{\376\377\000T\000e\000s\000t\000i\000n\000g\000\040\000R\000D\000S}{chapter.15}% 33
\BOOKMARK [1][-]{section.15.5}{\376\377\000T\000e\000s\000t\000i\000n\000g\000\040\000C\000l\000o\000u\000d\000W\000a\000t\000c\000h}{chapter.15}% 34
\BOOKMARK [1][-]{section.15.6}{\376\377\000T\000e\000s\000t\000i\000n\000g\000\040\000C\000l\000o\000u\000d\000T\000r\000a\000i\000l}{chapter.15}% 35
\BOOKMARK [1][-]{section.15.7}{\376\377\000T\000e\000s\000t\000i\000n\000g\000\040\000E\000L\000B}{chapter.15}% 36
\BOOKMARK [0][-]{chapter.16}{\376\377\000F\000u\000t\000u\000r\000e\000\040\000E\000n\000h\000a\000n\000c\000e\000m\000e\000n\000t\000s}{}% 37
\BOOKMARK [0][-]{chapter.17}{\376\377\000C\000o\000n\000c\000l\000u\000s\000i\000o\000n}{}% 38
\BOOKMARK [0][-]{chapter.17}{\376\377\000B\000i\000b\000l\000i\000o\000g\000r\000a\000p\000h\000y}{}% 39
\BOOKMARK [0][-]{appendix.A}{\376\377\000A\000d\000d\000i\000t\000i\000o\000n\000a\000l\000\040\000S\000c\000r\000e\000e\000n\000s\000h\000o\000t\000s}{}% 40
